13:28:24 debug: 2025/12/11下午1:28:24
13:28:24 debug: Project: /Users/songxiangying/Desktop/cc1234223
13:28:24 debug: Targets: editor,preview
13:28:24 debug: Incremental file seems great.
13:28:24 debug: Engine path: /Applications/Cocos/Creator/3.8.3/CocosCreator.app/Contents/Resources/resources/3d/engine
13:28:24 debug: Initializing target [Editor]
13:28:24 debug: Loading cache
13:28:24 debug: Loading cache costs 2.3972920030355453ms.
13:28:24 debug: Engine features shipped in editor: base,gfx-webgl,gfx-webgl2,gfx-empty,3d,animation,skeletal-animation,2d,ui,particle,particle-2d,physics-framework,physics-2d-framework,physics-2d-box2d-wasm,intersection-2d,primitive,profiler,occlusion-query,geometry-renderer,debug-renderer,audio,video,xr,light-probe,terrain,webview,tween,tiled-map,spine,dragon-bones,marionette,procedural-animation,custom-pipeline,websocket,websocket-server,meshopt
13:28:24 debug: Our import map(foo:/bar): {
  "imports": {
    "cc": "cce:/internal/x/cc"
  }
}
13:28:24 debug: Initializing target [Preview]
13:28:24 debug: Loading cache
13:28:24 debug: Loading cache costs 2.1358750015497208ms.
13:28:24 debug: Our import map(foo:/bar): {
  "imports": {
    "cc": "cce:/internal/x/cc"
  }
}
13:28:24 debug: Sync engine features: 2d,3d,animation,audio,base,dragon-bones,gfx-webgl,intersection-2d,light-probe,marionette,meshopt,particle,particle-2d,physics-2d-box2d,physics-ammo,primitive,profiler,skeletal-animation,spine,terrain,tiled-map,tween,ui,video,websocket,webview
13:28:24 debug: Reset databases. Enumerated domains: [
  {
    "root": "db://internal/",
    "physical": "/Applications/Cocos/Creator/3.8.3/CocosCreator.app/Contents/Resources/resources/3d/engine/editor/assets"
  },
  {
    "root": "db://assets/",
    "physical": "/Users/songxiangying/Desktop/cc1234223/assets"
  }
]
13:28:24 debug: Our import map(foo:/bar): {
  "imports": {
    "cc": "cce:/internal/x/cc",
    "db://internal/": "file:///Applications/Cocos/Creator/3.8.3/CocosCreator.app/Contents/Resources/resources/3d/engine/editor/assets/",
    "db://assets/": "file:///Users/songxiangying/Desktop/cc1234223/assets/"
  }
}
13:28:24 debug: Our import map(foo:/bar): {
  "imports": {
    "cc": "cce:/internal/x/cc",
    "db://internal/": "file:///Applications/Cocos/Creator/3.8.3/CocosCreator.app/Contents/Resources/resources/3d/engine/editor/assets/",
    "db://assets/": "file:///Users/songxiangying/Desktop/cc1234223/assets/"
  }
}
13:28:24 debug: Pulling asset-db.
13:28:24 debug: Fetch asset-db cost: 8.684542000293732ms.
13:28:24 debug: Build iteration starts.
Number of accumulated asset changes: 35
Feature changed: false
13:28:24 debug: Target(editor) build started.
13:28:24 debug: Detected change: cce:/internal/x/cc. Last mtime: Thu Jan 01 1970 08:00:25 GMT+0800 (中国标准时间), Current mtime: Thu Jan 01 1970 08:00:09 GMT+0800 (中国标准时间)
13:28:24 debug: Inspect cce:/internal/x/cc
13:28:24 debug: Resolve cce:/internal/x/cc-fu/base from cce:/internal/x/cc as external dependency cce:/internal/x/cc-fu/base.
13:28:24 debug: Resolve cce:/internal/x/cc-fu/gfx-webgl from cce:/internal/x/cc as external dependency cce:/internal/x/cc-fu/gfx-webgl.
13:28:24 debug: Resolve cce:/internal/x/cc-fu/gfx-webgl2 from cce:/internal/x/cc as external dependency cce:/internal/x/cc-fu/gfx-webgl2.
13:28:24 debug: Resolve cce:/internal/x/cc-fu/gfx-empty from cce:/internal/x/cc as external dependency cce:/internal/x/cc-fu/gfx-empty.
13:28:24 debug: Resolve cce:/internal/x/cc-fu/3d from cce:/internal/x/cc as external dependency cce:/internal/x/cc-fu/3d.
13:28:24 debug: Resolve cce:/internal/x/cc-fu/animation from cce:/internal/x/cc as external dependency cce:/internal/x/cc-fu/animation.
13:28:24 debug: Resolve cce:/internal/x/cc-fu/skeletal-animation from cce:/internal/x/cc as external dependency cce:/internal/x/cc-fu/skeletal-animation.
13:28:24 debug: Resolve cce:/internal/x/cc-fu/2d from cce:/internal/x/cc as external dependency cce:/internal/x/cc-fu/2d.
13:28:24 debug: Resolve cce:/internal/x/cc-fu/sorting from cce:/internal/x/cc as external dependency cce:/internal/x/cc-fu/sorting.
13:28:24 debug: Resolve cce:/internal/x/cc-fu/ui from cce:/internal/x/cc as external dependency cce:/internal/x/cc-fu/ui.
13:28:24 debug: Resolve cce:/internal/x/cc-fu/particle from cce:/internal/x/cc as external dependency cce:/internal/x/cc-fu/particle.
13:28:24 debug: Resolve cce:/internal/x/cc-fu/particle-2d from cce:/internal/x/cc as external dependency cce:/internal/x/cc-fu/particle-2d.
13:28:24 debug: Resolve cce:/internal/x/cc-fu/physics-framework from cce:/internal/x/cc as external dependency cce:/internal/x/cc-fu/physics-framework.
13:28:24 debug: Resolve cce:/internal/x/cc-fu/physics-2d-framework from cce:/internal/x/cc as external dependency cce:/internal/x/cc-fu/physics-2d-framework.
13:28:24 debug: Resolve cce:/internal/x/cc-fu/physics-2d-box2d-wasm from cce:/internal/x/cc as external dependency cce:/internal/x/cc-fu/physics-2d-box2d-wasm.
13:28:24 debug: Resolve cce:/internal/x/cc-fu/intersection-2d from cce:/internal/x/cc as external dependency cce:/internal/x/cc-fu/intersection-2d.
13:28:24 debug: Resolve cce:/internal/x/cc-fu/primitive from cce:/internal/x/cc as external dependency cce:/internal/x/cc-fu/primitive.
13:28:24 debug: Resolve cce:/internal/x/cc-fu/profiler from cce:/internal/x/cc as external dependency cce:/internal/x/cc-fu/profiler.
13:28:24 debug: Resolve cce:/internal/x/cc-fu/geometry-renderer from cce:/internal/x/cc as external dependency cce:/internal/x/cc-fu/geometry-renderer.
13:28:24 debug: Resolve cce:/internal/x/cc-fu/audio from cce:/internal/x/cc as external dependency cce:/internal/x/cc-fu/audio.
13:28:24 debug: Resolve cce:/internal/x/cc-fu/video from cce:/internal/x/cc as external dependency cce:/internal/x/cc-fu/video.
13:28:24 debug: Resolve cce:/internal/x/cc-fu/xr from cce:/internal/x/cc as external dependency cce:/internal/x/cc-fu/xr.
13:28:24 debug: Resolve cce:/internal/x/cc-fu/light-probe from cce:/internal/x/cc as external dependency cce:/internal/x/cc-fu/light-probe.
13:28:24 debug: Resolve cce:/internal/x/cc-fu/terrain from cce:/internal/x/cc as external dependency cce:/internal/x/cc-fu/terrain.
13:28:24 debug: Resolve cce:/internal/x/cc-fu/webview from cce:/internal/x/cc as external dependency cce:/internal/x/cc-fu/webview.
13:28:24 debug: Resolve cce:/internal/x/cc-fu/tween from cce:/internal/x/cc as external dependency cce:/internal/x/cc-fu/tween.
13:28:24 debug: Resolve cce:/internal/x/cc-fu/tiled-map from cce:/internal/x/cc as external dependency cce:/internal/x/cc-fu/tiled-map.
13:28:24 debug: Resolve cce:/internal/x/cc-fu/spine from cce:/internal/x/cc as external dependency cce:/internal/x/cc-fu/spine.
13:28:24 debug: Resolve cce:/internal/x/cc-fu/dragon-bones from cce:/internal/x/cc as external dependency cce:/internal/x/cc-fu/dragon-bones.
13:28:24 debug: Resolve cce:/internal/x/cc-fu/custom-pipeline from cce:/internal/x/cc as external dependency cce:/internal/x/cc-fu/custom-pipeline.
13:28:24 debug: Detected change: cce:/internal/x/prerequisite-imports. Last mtime: Thu Jan 01 1970 08:00:31 GMT+0800 (中国标准时间), Current mtime: Thu Jan 01 1970 08:00:09 GMT+0800 (中国标准时间)
13:28:24 debug: Inspect cce:/internal/x/prerequisite-imports
13:28:24 debug: Resolve file:///Applications/Cocos/Creator/3.8.3/CocosCreator.app/Contents/Resources/resources/3d/engine/editor/assets/tools/debug-view-runtime-control.ts from cce:/internal/x/prerequisite-imports as file:///Applications/Cocos/Creator/3.8.3/CocosCreator.app/Contents/Resources/resources/3d/engine/editor/assets/tools/debug-view-runtime-control.ts.
13:28:24 debug: Resolve cc from file:///Applications/Cocos/Creator/3.8.3/CocosCreator.app/Contents/Resources/resources/3d/engine/editor/assets/tools/debug-view-runtime-control.ts as cce:/internal/x/cc.
13:28:24 debug: Resolve cc from file:///Applications/Cocos/Creator/3.8.3/CocosCreator.app/Contents/Resources/resources/3d/engine/editor/assets/tools/debug-view-runtime-control.ts as cce:/internal/x/cc.
13:28:24 debug: Resolve cc from file:///Applications/Cocos/Creator/3.8.3/CocosCreator.app/Contents/Resources/resources/3d/engine/editor/assets/tools/debug-view-runtime-control.ts as cce:/internal/x/cc.
13:28:24 debug: Resolve file:///Users/songxiangying/Desktop/cc1234223/assets/common/EventMng.ts from cce:/internal/x/prerequisite-imports as file:///Users/songxiangying/Desktop/cc1234223/assets/common/EventMng.ts.
13:28:24 debug: Resolve cc from file:///Users/songxiangying/Desktop/cc1234223/assets/common/EventMng.ts as cce:/internal/x/cc.
13:28:24 debug: Resolve cc from file:///Users/songxiangying/Desktop/cc1234223/assets/common/EventMng.ts as cce:/internal/x/cc.
13:28:24 debug: Resolve cc from file:///Users/songxiangying/Desktop/cc1234223/assets/common/EventMng.ts as cce:/internal/x/cc.
13:28:24 debug: Resolve file:///Users/songxiangying/Desktop/cc1234223/assets/common/LocalStorage.ts from cce:/internal/x/prerequisite-imports as file:///Users/songxiangying/Desktop/cc1234223/assets/common/LocalStorage.ts.
13:28:24 debug: Resolve cc from file:///Users/songxiangying/Desktop/cc1234223/assets/common/LocalStorage.ts as cce:/internal/x/cc.
13:28:24 debug: Resolve cc from file:///Users/songxiangying/Desktop/cc1234223/assets/common/LocalStorage.ts as cce:/internal/x/cc.
13:28:24 debug: Resolve cc from file:///Users/songxiangying/Desktop/cc1234223/assets/common/LocalStorage.ts as cce:/internal/x/cc.
13:28:24 debug: Resolve file:///Users/songxiangying/Desktop/cc1234223/assets/common/Pool.ts from cce:/internal/x/prerequisite-imports as file:///Users/songxiangying/Desktop/cc1234223/assets/common/Pool.ts.
13:28:24 debug: Resolve cc from file:///Users/songxiangying/Desktop/cc1234223/assets/common/Pool.ts as cce:/internal/x/cc.
13:28:24 debug: Resolve cc from file:///Users/songxiangying/Desktop/cc1234223/assets/common/Pool.ts as cce:/internal/x/cc.
13:28:24 debug: Resolve cc from file:///Users/songxiangying/Desktop/cc1234223/assets/common/Pool.ts as cce:/internal/x/cc.
13:28:24 debug: Resolve file:///Users/songxiangying/Desktop/cc1234223/assets/common/Rand.ts from cce:/internal/x/prerequisite-imports as file:///Users/songxiangying/Desktop/cc1234223/assets/common/Rand.ts.
13:28:24 debug: Resolve cc from file:///Users/songxiangying/Desktop/cc1234223/assets/common/Rand.ts as cce:/internal/x/cc.
13:28:24 debug: Resolve file:///Users/songxiangying/Desktop/cc1234223/assets/common/ResLoader.ts from cce:/internal/x/prerequisite-imports as file:///Users/songxiangying/Desktop/cc1234223/assets/common/ResLoader.ts.
13:28:24 debug: Resolve cc from file:///Users/songxiangying/Desktop/cc1234223/assets/common/ResLoader.ts as cce:/internal/x/cc.
13:28:24 debug: Resolve cc from file:///Users/songxiangying/Desktop/cc1234223/assets/common/ResLoader.ts as cce:/internal/x/cc.
13:28:24 debug: Resolve cc from file:///Users/songxiangying/Desktop/cc1234223/assets/common/ResLoader.ts as cce:/internal/x/cc.
13:28:24 debug: Resolve file:///Users/songxiangying/Desktop/cc1234223/assets/common/Toolkit.ts from cce:/internal/x/prerequisite-imports as file:///Users/songxiangying/Desktop/cc1234223/assets/common/Toolkit.ts.
13:28:24 debug: Resolve cc from file:///Users/songxiangying/Desktop/cc1234223/assets/common/Toolkit.ts as cce:/internal/x/cc.
13:28:24 debug: Resolve cc from file:///Users/songxiangying/Desktop/cc1234223/assets/common/Toolkit.ts as cce:/internal/x/cc.
13:28:24 debug: Resolve file:///Users/songxiangying/Desktop/cc1234223/assets/core/CwgConstant.ts from cce:/internal/x/prerequisite-imports as file:///Users/songxiangying/Desktop/cc1234223/assets/core/CwgConstant.ts.
13:28:24 debug: Resolve cc from file:///Users/songxiangying/Desktop/cc1234223/assets/core/CwgConstant.ts as cce:/internal/x/cc.
13:28:24 debug: Resolve file:///Users/songxiangying/Desktop/cc1234223/assets/core/CwgPools.ts from cce:/internal/x/prerequisite-imports as file:///Users/songxiangying/Desktop/cc1234223/assets/core/CwgPools.ts.
13:28:24 debug: Resolve cce:/internal/code-quality/cr.mjs from file:///Users/songxiangying/Desktop/cc1234223/assets/core/CwgPools.ts as cce:/internal/code-quality/cr.mjs.
13:28:24 debug: Detected change: cce:/internal/code-quality/cr.mjs. Last mtime: Thu Dec 11 2025 13:21:20 GMT+0800 (中国标准时间), Current mtime: Thu Dec 11 2025 13:28:14 GMT+0800 (中国标准时间)
13:28:24 debug: Inspect cce:/internal/code-quality/cr.mjs
13:28:24 debug: Resolve cc from file:///Users/songxiangying/Desktop/cc1234223/assets/core/CwgPools.ts as cce:/internal/x/cc.
13:28:24 debug: Resolve cc from file:///Users/songxiangying/Desktop/cc1234223/assets/core/CwgPools.ts as cce:/internal/x/cc.
13:28:24 debug: Resolve cc from file:///Users/songxiangying/Desktop/cc1234223/assets/core/CwgPools.ts as cce:/internal/x/cc.
13:28:24 debug: Resolve ../common/Pool from file:///Users/songxiangying/Desktop/cc1234223/assets/core/CwgPools.ts as file:///Users/songxiangying/Desktop/cc1234223/assets/common/Pool.ts.
13:28:24 debug: Resolve ./Glass from file:///Users/songxiangying/Desktop/cc1234223/assets/core/CwgPools.ts as file:///Users/songxiangying/Desktop/cc1234223/assets/core/Glass.ts.
13:28:24 debug: Resolve cce:/internal/code-quality/cr.mjs from file:///Users/songxiangying/Desktop/cc1234223/assets/core/Glass.ts as cce:/internal/code-quality/cr.mjs.
13:28:24 debug: Resolve cc from file:///Users/songxiangying/Desktop/cc1234223/assets/core/Glass.ts as cce:/internal/x/cc.
13:28:24 debug: Resolve cc from file:///Users/songxiangying/Desktop/cc1234223/assets/core/Glass.ts as cce:/internal/x/cc.
13:28:24 debug: Resolve cc from file:///Users/songxiangying/Desktop/cc1234223/assets/core/Glass.ts as cce:/internal/x/cc.
13:28:24 debug: Resolve ./CwgConstant from file:///Users/songxiangying/Desktop/cc1234223/assets/core/Glass.ts as file:///Users/songxiangying/Desktop/cc1234223/assets/core/CwgConstant.ts.
13:28:24 debug: Resolve ./glass-anims/WaterSurface from file:///Users/songxiangying/Desktop/cc1234223/assets/core/Glass.ts as file:///Users/songxiangying/Desktop/cc1234223/assets/core/glass-anims/WaterSurface.ts.
13:28:24 debug: Resolve cc from file:///Users/songxiangying/Desktop/cc1234223/assets/core/glass-anims/WaterSurface.ts as cce:/internal/x/cc.
13:28:24 debug: Resolve cc from file:///Users/songxiangying/Desktop/cc1234223/assets/core/glass-anims/WaterSurface.ts as cce:/internal/x/cc.
13:28:24 debug: Resolve cc from file:///Users/songxiangying/Desktop/cc1234223/assets/core/glass-anims/WaterSurface.ts as cce:/internal/x/cc.
13:28:24 debug: Resolve ./glass-anims/GlassPourOut from file:///Users/songxiangying/Desktop/cc1234223/assets/core/CwgPools.ts as file:///Users/songxiangying/Desktop/cc1234223/assets/core/glass-anims/GlassPourOut.ts.
13:28:24 debug: Resolve cce:/internal/code-quality/cr.mjs from file:///Users/songxiangying/Desktop/cc1234223/assets/core/glass-anims/GlassPourOut.ts as cce:/internal/code-quality/cr.mjs.
13:28:24 debug: Resolve cc from file:///Users/songxiangying/Desktop/cc1234223/assets/core/glass-anims/GlassPourOut.ts as cce:/internal/x/cc.
13:28:24 debug: Resolve cc from file:///Users/songxiangying/Desktop/cc1234223/assets/core/glass-anims/GlassPourOut.ts as cce:/internal/x/cc.
13:28:24 debug: Resolve cc from file:///Users/songxiangying/Desktop/cc1234223/assets/core/glass-anims/GlassPourOut.ts as cce:/internal/x/cc.
13:28:24 debug: Resolve ../Glass from file:///Users/songxiangying/Desktop/cc1234223/assets/core/glass-anims/GlassPourOut.ts as file:///Users/songxiangying/Desktop/cc1234223/assets/core/Glass.ts.
13:28:24 debug: Resolve ../CwgConstant from file:///Users/songxiangying/Desktop/cc1234223/assets/core/glass-anims/GlassPourOut.ts as file:///Users/songxiangying/Desktop/cc1234223/assets/core/CwgConstant.ts.
13:28:24 debug: Resolve ../../common/Toolkit from file:///Users/songxiangying/Desktop/cc1234223/assets/core/glass-anims/GlassPourOut.ts as file:///Users/songxiangying/Desktop/cc1234223/assets/common/Toolkit.ts.
13:28:24 debug: Resolve ./glass-anims/GlassFlowing from file:///Users/songxiangying/Desktop/cc1234223/assets/core/CwgPools.ts as file:///Users/songxiangying/Desktop/cc1234223/assets/core/glass-anims/GlassFlowing.ts.
13:28:24 debug: Resolve cce:/internal/code-quality/cr.mjs from file:///Users/songxiangying/Desktop/cc1234223/assets/core/glass-anims/GlassFlowing.ts as cce:/internal/code-quality/cr.mjs.
13:28:24 debug: Resolve cc from file:///Users/songxiangying/Desktop/cc1234223/assets/core/glass-anims/GlassFlowing.ts as cce:/internal/x/cc.
13:28:24 debug: Resolve cc from file:///Users/songxiangying/Desktop/cc1234223/assets/core/glass-anims/GlassFlowing.ts as cce:/internal/x/cc.
13:28:24 debug: Resolve cc from file:///Users/songxiangying/Desktop/cc1234223/assets/core/glass-anims/GlassFlowing.ts as cce:/internal/x/cc.
13:28:24 debug: Resolve ../../common/Toolkit from file:///Users/songxiangying/Desktop/cc1234223/assets/core/glass-anims/GlassFlowing.ts as file:///Users/songxiangying/Desktop/cc1234223/assets/common/Toolkit.ts.
13:28:24 debug: Resolve ../SoundComp from file:///Users/songxiangying/Desktop/cc1234223/assets/core/glass-anims/GlassFlowing.ts as file:///Users/songxiangying/Desktop/cc1234223/assets/core/SoundComp.ts.
13:28:24 debug: Resolve cc from file:///Users/songxiangying/Desktop/cc1234223/assets/core/SoundComp.ts as cce:/internal/x/cc.
13:28:24 debug: Resolve cc from file:///Users/songxiangying/Desktop/cc1234223/assets/core/SoundComp.ts as cce:/internal/x/cc.
13:28:24 debug: Resolve cc from file:///Users/songxiangying/Desktop/cc1234223/assets/core/SoundComp.ts as cce:/internal/x/cc.
13:28:24 debug: Resolve ../Glass from file:///Users/songxiangying/Desktop/cc1234223/assets/core/glass-anims/GlassFlowing.ts as file:///Users/songxiangying/Desktop/cc1234223/assets/core/Glass.ts.
13:28:24 debug: Resolve ../CwgConstant from file:///Users/songxiangying/Desktop/cc1234223/assets/core/glass-anims/GlassFlowing.ts as file:///Users/songxiangying/Desktop/cc1234223/assets/core/CwgConstant.ts.
13:28:24 debug: Resolve ../common/Toolkit from file:///Users/songxiangying/Desktop/cc1234223/assets/core/CwgPools.ts as file:///Users/songxiangying/Desktop/cc1234223/assets/common/Toolkit.ts.
13:28:24 debug: Resolve ./other-anims/EfParticleSystem2D from file:///Users/songxiangying/Desktop/cc1234223/assets/core/CwgPools.ts as file:///Users/songxiangying/Desktop/cc1234223/assets/core/other-anims/EfParticleSystem2D.ts.
13:28:24 debug: Resolve cc from file:///Users/songxiangying/Desktop/cc1234223/assets/core/other-anims/EfParticleSystem2D.ts as cce:/internal/x/cc.
13:28:24 debug: Resolve cc from file:///Users/songxiangying/Desktop/cc1234223/assets/core/other-anims/EfParticleSystem2D.ts as cce:/internal/x/cc.
13:28:24 debug: Resolve cc from file:///Users/songxiangying/Desktop/cc1234223/assets/core/other-anims/EfParticleSystem2D.ts as cce:/internal/x/cc.
13:28:24 debug: Resolve file:///Users/songxiangying/Desktop/cc1234223/assets/core/CwgState.ts from cce:/internal/x/prerequisite-imports as file:///Users/songxiangying/Desktop/cc1234223/assets/core/CwgState.ts.
13:28:24 debug: Resolve cce:/internal/code-quality/cr.mjs from file:///Users/songxiangying/Desktop/cc1234223/assets/core/CwgState.ts as cce:/internal/code-quality/cr.mjs.
13:28:24 debug: Resolve cc from file:///Users/songxiangying/Desktop/cc1234223/assets/core/CwgState.ts as cce:/internal/x/cc.
13:28:24 debug: Resolve ../common/LocalStorage from file:///Users/songxiangying/Desktop/cc1234223/assets/core/CwgState.ts as file:///Users/songxiangying/Desktop/cc1234223/assets/common/LocalStorage.ts.
13:28:24 debug: Resolve ../common/ResLoader from file:///Users/songxiangying/Desktop/cc1234223/assets/core/CwgState.ts as file:///Users/songxiangying/Desktop/cc1234223/assets/common/ResLoader.ts.
13:28:24 debug: Resolve file:///Users/songxiangying/Desktop/cc1234223/assets/core/EndCtrl.ts from cce:/internal/x/prerequisite-imports as file:///Users/songxiangying/Desktop/cc1234223/assets/core/EndCtrl.ts.
13:28:24 debug: Resolve cc from file:///Users/songxiangying/Desktop/cc1234223/assets/core/EndCtrl.ts as cce:/internal/x/cc.
13:28:24 debug: Resolve cc from file:///Users/songxiangying/Desktop/cc1234223/assets/core/EndCtrl.ts as cce:/internal/x/cc.
13:28:24 debug: Resolve cc from file:///Users/songxiangying/Desktop/cc1234223/assets/core/EndCtrl.ts as cce:/internal/x/cc.
13:28:24 debug: Resolve file:///Users/songxiangying/Desktop/cc1234223/assets/core/FunlandInfo.ts from cce:/internal/x/prerequisite-imports as file:///Users/songxiangying/Desktop/cc1234223/assets/core/FunlandInfo.ts.
13:28:24 debug: Resolve cce:/internal/code-quality/cr.mjs from file:///Users/songxiangying/Desktop/cc1234223/assets/core/FunlandInfo.ts as cce:/internal/code-quality/cr.mjs.
13:28:24 debug: Resolve cc from file:///Users/songxiangying/Desktop/cc1234223/assets/core/FunlandInfo.ts as cce:/internal/x/cc.
13:28:24 debug: Resolve file:///Users/songxiangying/Desktop/cc1234223/assets/core/Glass.ts from cce:/internal/x/prerequisite-imports as file:///Users/songxiangying/Desktop/cc1234223/assets/core/Glass.ts.
13:28:24 debug: Resolve file:///Users/songxiangying/Desktop/cc1234223/assets/core/HomeCtrl.ts from cce:/internal/x/prerequisite-imports as file:///Users/songxiangying/Desktop/cc1234223/assets/core/HomeCtrl.ts.
13:28:24 debug: Resolve cc from file:///Users/songxiangying/Desktop/cc1234223/assets/core/HomeCtrl.ts as cce:/internal/x/cc.
13:28:24 debug: Resolve cc from file:///Users/songxiangying/Desktop/cc1234223/assets/core/HomeCtrl.ts as cce:/internal/x/cc.
13:28:24 debug: Resolve cc from file:///Users/songxiangying/Desktop/cc1234223/assets/core/HomeCtrl.ts as cce:/internal/x/cc.
13:28:24 debug: Resolve file:///Users/songxiangying/Desktop/cc1234223/assets/core/SoundComp.ts from cce:/internal/x/prerequisite-imports as file:///Users/songxiangying/Desktop/cc1234223/assets/core/SoundComp.ts.
13:28:24 debug: Resolve file:///Users/songxiangying/Desktop/cc1234223/assets/core/VwEffect.ts from cce:/internal/x/prerequisite-imports as file:///Users/songxiangying/Desktop/cc1234223/assets/core/VwEffect.ts.
13:28:24 debug: Resolve cce:/internal/code-quality/cr.mjs from file:///Users/songxiangying/Desktop/cc1234223/assets/core/VwEffect.ts as cce:/internal/code-quality/cr.mjs.
13:28:24 debug: Resolve cc from file:///Users/songxiangying/Desktop/cc1234223/assets/core/VwEffect.ts as cce:/internal/x/cc.
13:28:24 debug: Resolve cc from file:///Users/songxiangying/Desktop/cc1234223/assets/core/VwEffect.ts as cce:/internal/x/cc.
13:28:24 debug: Resolve cc from file:///Users/songxiangying/Desktop/cc1234223/assets/core/VwEffect.ts as cce:/internal/x/cc.
13:28:24 debug: Resolve ./CwgPools from file:///Users/songxiangying/Desktop/cc1234223/assets/core/VwEffect.ts as file:///Users/songxiangying/Desktop/cc1234223/assets/core/CwgPools.ts.
13:28:24 debug: Resolve file:///Users/songxiangying/Desktop/cc1234223/assets/core/VwFunland.ts from cce:/internal/x/prerequisite-imports as file:///Users/songxiangying/Desktop/cc1234223/assets/core/VwFunland.ts.
13:28:24 debug: Resolve cce:/internal/code-quality/cr.mjs from file:///Users/songxiangying/Desktop/cc1234223/assets/core/VwFunland.ts as cce:/internal/code-quality/cr.mjs.
13:28:24 debug: Resolve cc from file:///Users/songxiangying/Desktop/cc1234223/assets/core/VwFunland.ts as cce:/internal/x/cc.
13:28:24 debug: Resolve cc from file:///Users/songxiangying/Desktop/cc1234223/assets/core/VwFunland.ts as cce:/internal/x/cc.
13:28:24 debug: Resolve cc from file:///Users/songxiangying/Desktop/cc1234223/assets/core/VwFunland.ts as cce:/internal/x/cc.
13:28:24 debug: Resolve ./CwgPools from file:///Users/songxiangying/Desktop/cc1234223/assets/core/VwFunland.ts as file:///Users/songxiangying/Desktop/cc1234223/assets/core/CwgPools.ts.
13:28:24 debug: Resolve ../common/Toolkit from file:///Users/songxiangying/Desktop/cc1234223/assets/core/VwFunland.ts as file:///Users/songxiangying/Desktop/cc1234223/assets/common/Toolkit.ts.
13:28:24 debug: Resolve ../common/EventMng from file:///Users/songxiangying/Desktop/cc1234223/assets/core/VwFunland.ts as file:///Users/songxiangying/Desktop/cc1234223/assets/common/EventMng.ts.
13:28:24 debug: Resolve ./VwEffect from file:///Users/songxiangying/Desktop/cc1234223/assets/core/VwFunland.ts as file:///Users/songxiangying/Desktop/cc1234223/assets/core/VwEffect.ts.
13:28:24 debug: Resolve ./SoundComp from file:///Users/songxiangying/Desktop/cc1234223/assets/core/VwFunland.ts as file:///Users/songxiangying/Desktop/cc1234223/assets/core/SoundComp.ts.
13:28:24 debug: Resolve file:///Users/songxiangying/Desktop/cc1234223/assets/core/VwPlay.ts from cce:/internal/x/prerequisite-imports as file:///Users/songxiangying/Desktop/cc1234223/assets/core/VwPlay.ts.
13:28:24 debug: Resolve cce:/internal/code-quality/cr.mjs from file:///Users/songxiangying/Desktop/cc1234223/assets/core/VwPlay.ts as cce:/internal/code-quality/cr.mjs.
13:28:24 debug: Resolve cc from file:///Users/songxiangying/Desktop/cc1234223/assets/core/VwPlay.ts as cce:/internal/x/cc.
13:28:24 debug: Resolve cc from file:///Users/songxiangying/Desktop/cc1234223/assets/core/VwPlay.ts as cce:/internal/x/cc.
13:28:24 debug: Resolve cc from file:///Users/songxiangying/Desktop/cc1234223/assets/core/VwPlay.ts as cce:/internal/x/cc.
13:28:24 debug: Resolve ./VwFunland from file:///Users/songxiangying/Desktop/cc1234223/assets/core/VwPlay.ts as file:///Users/songxiangying/Desktop/cc1234223/assets/core/VwFunland.ts.
13:28:24 debug: Resolve ./VwUi from file:///Users/songxiangying/Desktop/cc1234223/assets/core/VwPlay.ts as file:///Users/songxiangying/Desktop/cc1234223/assets/core/VwUi.ts.
13:28:24 debug: Resolve cce:/internal/code-quality/cr.mjs from file:///Users/songxiangying/Desktop/cc1234223/assets/core/VwUi.ts as cce:/internal/code-quality/cr.mjs.
13:28:24 debug: Resolve cc from file:///Users/songxiangying/Desktop/cc1234223/assets/core/VwUi.ts as cce:/internal/x/cc.
13:28:24 debug: Resolve cc from file:///Users/songxiangying/Desktop/cc1234223/assets/core/VwUi.ts as cce:/internal/x/cc.
13:28:24 debug: Resolve cc from file:///Users/songxiangying/Desktop/cc1234223/assets/core/VwUi.ts as cce:/internal/x/cc.
13:28:24 debug: Resolve ./VwFunland from file:///Users/songxiangying/Desktop/cc1234223/assets/core/VwUi.ts as file:///Users/songxiangying/Desktop/cc1234223/assets/core/VwFunland.ts.
13:28:24 debug: Resolve ../common/EventMng from file:///Users/songxiangying/Desktop/cc1234223/assets/core/VwUi.ts as file:///Users/songxiangying/Desktop/cc1234223/assets/common/EventMng.ts.
13:28:24 debug: Resolve ./prop-anims/VwExchange from file:///Users/songxiangying/Desktop/cc1234223/assets/core/VwUi.ts as file:///Users/songxiangying/Desktop/cc1234223/assets/core/prop-anims/VwExchange.ts.
13:28:24 debug: Resolve cce:/internal/code-quality/cr.mjs from file:///Users/songxiangying/Desktop/cc1234223/assets/core/prop-anims/VwExchange.ts as cce:/internal/code-quality/cr.mjs.
13:28:24 debug: Resolve cc from file:///Users/songxiangying/Desktop/cc1234223/assets/core/prop-anims/VwExchange.ts as cce:/internal/x/cc.
13:28:24 debug: Resolve cc from file:///Users/songxiangying/Desktop/cc1234223/assets/core/prop-anims/VwExchange.ts as cce:/internal/x/cc.
13:28:24 debug: Resolve cc from file:///Users/songxiangying/Desktop/cc1234223/assets/core/prop-anims/VwExchange.ts as cce:/internal/x/cc.
13:28:24 debug: Resolve ../VwFunland from file:///Users/songxiangying/Desktop/cc1234223/assets/core/prop-anims/VwExchange.ts as file:///Users/songxiangying/Desktop/cc1234223/assets/core/VwFunland.ts.
13:28:24 debug: Resolve ./prop-anims/VwAddGlass from file:///Users/songxiangying/Desktop/cc1234223/assets/core/VwUi.ts as file:///Users/songxiangying/Desktop/cc1234223/assets/core/prop-anims/VwAddGlass.ts.
13:28:24 debug: Resolve cce:/internal/code-quality/cr.mjs from file:///Users/songxiangying/Desktop/cc1234223/assets/core/prop-anims/VwAddGlass.ts as cce:/internal/code-quality/cr.mjs.
13:28:24 debug: Resolve cc from file:///Users/songxiangying/Desktop/cc1234223/assets/core/prop-anims/VwAddGlass.ts as cce:/internal/x/cc.
13:28:24 debug: Resolve cc from file:///Users/songxiangying/Desktop/cc1234223/assets/core/prop-anims/VwAddGlass.ts as cce:/internal/x/cc.
13:28:24 debug: Resolve cc from file:///Users/songxiangying/Desktop/cc1234223/assets/core/prop-anims/VwAddGlass.ts as cce:/internal/x/cc.
13:28:24 debug: Resolve ../VwFunland from file:///Users/songxiangying/Desktop/cc1234223/assets/core/prop-anims/VwAddGlass.ts as file:///Users/songxiangying/Desktop/cc1234223/assets/core/VwFunland.ts.
13:28:24 debug: Resolve ./CwgState from file:///Users/songxiangying/Desktop/cc1234223/assets/core/VwPlay.ts as file:///Users/songxiangying/Desktop/cc1234223/assets/core/CwgState.ts.
13:28:24 debug: Resolve ./FunlandInfo from file:///Users/songxiangying/Desktop/cc1234223/assets/core/VwPlay.ts as file:///Users/songxiangying/Desktop/cc1234223/assets/core/FunlandInfo.ts.
13:28:24 debug: Resolve ../common/EventMng from file:///Users/songxiangying/Desktop/cc1234223/assets/core/VwPlay.ts as file:///Users/songxiangying/Desktop/cc1234223/assets/common/EventMng.ts.
13:28:24 debug: Resolve file:///Users/songxiangying/Desktop/cc1234223/assets/core/VwUi.ts from cce:/internal/x/prerequisite-imports as file:///Users/songxiangying/Desktop/cc1234223/assets/core/VwUi.ts.
13:28:24 debug: Resolve file:///Users/songxiangying/Desktop/cc1234223/assets/core/glass-anims/GlassFlowing.ts from cce:/internal/x/prerequisite-imports as file:///Users/songxiangying/Desktop/cc1234223/assets/core/glass-anims/GlassFlowing.ts.
13:28:24 debug: Resolve file:///Users/songxiangying/Desktop/cc1234223/assets/core/glass-anims/GlassPourOut.ts from cce:/internal/x/prerequisite-imports as file:///Users/songxiangying/Desktop/cc1234223/assets/core/glass-anims/GlassPourOut.ts.
13:28:24 debug: Resolve file:///Users/songxiangying/Desktop/cc1234223/assets/core/glass-anims/WaterSurface.ts from cce:/internal/x/prerequisite-imports as file:///Users/songxiangying/Desktop/cc1234223/assets/core/glass-anims/WaterSurface.ts.
13:28:24 debug: Resolve file:///Users/songxiangying/Desktop/cc1234223/assets/core/other-anims/EfParticleSystem2D.ts from cce:/internal/x/prerequisite-imports as file:///Users/songxiangying/Desktop/cc1234223/assets/core/other-anims/EfParticleSystem2D.ts.
13:28:24 debug: Resolve file:///Users/songxiangying/Desktop/cc1234223/assets/core/prop-anims/VwAddGlass.ts from cce:/internal/x/prerequisite-imports as file:///Users/songxiangying/Desktop/cc1234223/assets/core/prop-anims/VwAddGlass.ts.
13:28:24 debug: Resolve file:///Users/songxiangying/Desktop/cc1234223/assets/core/prop-anims/VwExchange.ts from cce:/internal/x/prerequisite-imports as file:///Users/songxiangying/Desktop/cc1234223/assets/core/prop-anims/VwExchange.ts.
13:28:24 debug: Resolve file:///Users/songxiangying/Desktop/cc1234223/assets/editor/EdFunlandInfo.ts from cce:/internal/x/prerequisite-imports as file:///Users/songxiangying/Desktop/cc1234223/assets/editor/EdFunlandInfo.ts.
13:28:24 debug: Resolve cce:/internal/code-quality/cr.mjs from file:///Users/songxiangying/Desktop/cc1234223/assets/editor/EdFunlandInfo.ts as cce:/internal/code-quality/cr.mjs.
13:28:24 debug: Resolve cc from file:///Users/songxiangying/Desktop/cc1234223/assets/editor/EdFunlandInfo.ts as cce:/internal/x/cc.
13:28:24 debug: Resolve ../core/FunlandInfo from file:///Users/songxiangying/Desktop/cc1234223/assets/editor/EdFunlandInfo.ts as file:///Users/songxiangying/Desktop/cc1234223/assets/core/FunlandInfo.ts.
13:28:24 debug: Resolve file:///Users/songxiangying/Desktop/cc1234223/assets/editor/EdGlass.ts from cce:/internal/x/prerequisite-imports as file:///Users/songxiangying/Desktop/cc1234223/assets/editor/EdGlass.ts.
13:28:24 debug: Resolve cce:/internal/code-quality/cr.mjs from file:///Users/songxiangying/Desktop/cc1234223/assets/editor/EdGlass.ts as cce:/internal/code-quality/cr.mjs.
13:28:24 debug: Resolve cc from file:///Users/songxiangying/Desktop/cc1234223/assets/editor/EdGlass.ts as cce:/internal/x/cc.
13:28:24 debug: Resolve cc from file:///Users/songxiangying/Desktop/cc1234223/assets/editor/EdGlass.ts as cce:/internal/x/cc.
13:28:24 debug: Resolve cc from file:///Users/songxiangying/Desktop/cc1234223/assets/editor/EdGlass.ts as cce:/internal/x/cc.
13:28:24 debug: Resolve ../core/Glass from file:///Users/songxiangying/Desktop/cc1234223/assets/editor/EdGlass.ts as file:///Users/songxiangying/Desktop/cc1234223/assets/core/Glass.ts.
13:28:24 debug: Resolve file:///Users/songxiangying/Desktop/cc1234223/assets/editor/UiEdColorCount.ts from cce:/internal/x/prerequisite-imports as file:///Users/songxiangying/Desktop/cc1234223/assets/editor/UiEdColorCount.ts.
13:28:24 debug: Resolve cce:/internal/code-quality/cr.mjs from file:///Users/songxiangying/Desktop/cc1234223/assets/editor/UiEdColorCount.ts as cce:/internal/code-quality/cr.mjs.
13:28:24 debug: Resolve cc from file:///Users/songxiangying/Desktop/cc1234223/assets/editor/UiEdColorCount.ts as cce:/internal/x/cc.
13:28:24 debug: Resolve cc from file:///Users/songxiangying/Desktop/cc1234223/assets/editor/UiEdColorCount.ts as cce:/internal/x/cc.
13:28:24 debug: Resolve cc from file:///Users/songxiangying/Desktop/cc1234223/assets/editor/UiEdColorCount.ts as cce:/internal/x/cc.
13:28:24 debug: Resolve ./UiEdColumn from file:///Users/songxiangying/Desktop/cc1234223/assets/editor/UiEdColorCount.ts as file:///Users/songxiangying/Desktop/cc1234223/assets/editor/UiEdColumn.ts.
13:28:24 debug: Resolve cce:/internal/code-quality/cr.mjs from file:///Users/songxiangying/Desktop/cc1234223/assets/editor/UiEdColumn.ts as cce:/internal/code-quality/cr.mjs.
13:28:24 debug: Resolve cc from file:///Users/songxiangying/Desktop/cc1234223/assets/editor/UiEdColumn.ts as cce:/internal/x/cc.
13:28:24 debug: Resolve cc from file:///Users/songxiangying/Desktop/cc1234223/assets/editor/UiEdColumn.ts as cce:/internal/x/cc.
13:28:24 debug: Resolve cc from file:///Users/songxiangying/Desktop/cc1234223/assets/editor/UiEdColumn.ts as cce:/internal/x/cc.
13:28:24 debug: Resolve ../core/CwgPools from file:///Users/songxiangying/Desktop/cc1234223/assets/editor/UiEdColumn.ts as file:///Users/songxiangying/Desktop/cc1234223/assets/core/CwgPools.ts.
13:28:24 debug: Resolve ../core/Glass from file:///Users/songxiangying/Desktop/cc1234223/assets/editor/UiEdColumn.ts as file:///Users/songxiangying/Desktop/cc1234223/assets/core/Glass.ts.
13:28:24 debug: Resolve ../common/Rand from file:///Users/songxiangying/Desktop/cc1234223/assets/editor/UiEdColorCount.ts as file:///Users/songxiangying/Desktop/cc1234223/assets/common/Rand.ts.
13:28:24 debug: Resolve ../core/CwgConstant from file:///Users/songxiangying/Desktop/cc1234223/assets/editor/UiEdColorCount.ts as file:///Users/songxiangying/Desktop/cc1234223/assets/core/CwgConstant.ts.
13:28:24 debug: Resolve ./EdGlass from file:///Users/songxiangying/Desktop/cc1234223/assets/editor/UiEdColorCount.ts as file:///Users/songxiangying/Desktop/cc1234223/assets/editor/EdGlass.ts.
13:28:24 debug: Resolve file:///Users/songxiangying/Desktop/cc1234223/assets/editor/UiEdColumn.ts from cce:/internal/x/prerequisite-imports as file:///Users/songxiangying/Desktop/cc1234223/assets/editor/UiEdColumn.ts.
13:28:24 debug: Resolve file:///Users/songxiangying/Desktop/cc1234223/assets/editor/UiEdColumnCount.ts from cce:/internal/x/prerequisite-imports as file:///Users/songxiangying/Desktop/cc1234223/assets/editor/UiEdColumnCount.ts.
13:28:24 debug: Resolve cce:/internal/code-quality/cr.mjs from file:///Users/songxiangying/Desktop/cc1234223/assets/editor/UiEdColumnCount.ts as cce:/internal/code-quality/cr.mjs.
13:28:24 debug: Resolve cc from file:///Users/songxiangying/Desktop/cc1234223/assets/editor/UiEdColumnCount.ts as cce:/internal/x/cc.
13:28:24 debug: Resolve cc from file:///Users/songxiangying/Desktop/cc1234223/assets/editor/UiEdColumnCount.ts as cce:/internal/x/cc.
13:28:24 debug: Resolve cc from file:///Users/songxiangying/Desktop/cc1234223/assets/editor/UiEdColumnCount.ts as cce:/internal/x/cc.
13:28:24 debug: Resolve ./UiEdColumnCtrl from file:///Users/songxiangying/Desktop/cc1234223/assets/editor/UiEdColumnCount.ts as file:///Users/songxiangying/Desktop/cc1234223/assets/editor/UiEdColumnCtrl.ts.
13:28:24 debug: Resolve cce:/internal/code-quality/cr.mjs from file:///Users/songxiangying/Desktop/cc1234223/assets/editor/UiEdColumnCtrl.ts as cce:/internal/code-quality/cr.mjs.
13:28:24 debug: Resolve cc from file:///Users/songxiangying/Desktop/cc1234223/assets/editor/UiEdColumnCtrl.ts as cce:/internal/x/cc.
13:28:24 debug: Resolve cc from file:///Users/songxiangying/Desktop/cc1234223/assets/editor/UiEdColumnCtrl.ts as cce:/internal/x/cc.
13:28:24 debug: Resolve cc from file:///Users/songxiangying/Desktop/cc1234223/assets/editor/UiEdColumnCtrl.ts as cce:/internal/x/cc.
13:28:24 debug: Resolve ./UiEdColumn from file:///Users/songxiangying/Desktop/cc1234223/assets/editor/UiEdColumnCtrl.ts as file:///Users/songxiangying/Desktop/cc1234223/assets/editor/UiEdColumn.ts.
13:28:24 debug: Resolve file:///Users/songxiangying/Desktop/cc1234223/assets/editor/UiEdColumnCtrl.ts from cce:/internal/x/prerequisite-imports as file:///Users/songxiangying/Desktop/cc1234223/assets/editor/UiEdColumnCtrl.ts.
13:28:24 debug: Resolve file:///Users/songxiangying/Desktop/cc1234223/assets/editor/VwEdFunland.ts from cce:/internal/x/prerequisite-imports as file:///Users/songxiangying/Desktop/cc1234223/assets/editor/VwEdFunland.ts.
13:28:24 debug: Resolve cce:/internal/code-quality/cr.mjs from file:///Users/songxiangying/Desktop/cc1234223/assets/editor/VwEdFunland.ts as cce:/internal/code-quality/cr.mjs.
13:28:24 debug: Resolve cc from file:///Users/songxiangying/Desktop/cc1234223/assets/editor/VwEdFunland.ts as cce:/internal/x/cc.
13:28:24 debug: Resolve cc from file:///Users/songxiangying/Desktop/cc1234223/assets/editor/VwEdFunland.ts as cce:/internal/x/cc.
13:28:24 debug: Resolve cc from file:///Users/songxiangying/Desktop/cc1234223/assets/editor/VwEdFunland.ts as cce:/internal/x/cc.
13:28:24 debug: Resolve ../core/CwgPools from file:///Users/songxiangying/Desktop/cc1234223/assets/editor/VwEdFunland.ts as file:///Users/songxiangying/Desktop/cc1234223/assets/core/CwgPools.ts.
13:28:24 debug: Resolve ./UiEdColumn from file:///Users/songxiangying/Desktop/cc1234223/assets/editor/VwEdFunland.ts as file:///Users/songxiangying/Desktop/cc1234223/assets/editor/UiEdColumn.ts.
13:28:24 debug: Resolve ./VwEdGlassSetting from file:///Users/songxiangying/Desktop/cc1234223/assets/editor/VwEdFunland.ts as file:///Users/songxiangying/Desktop/cc1234223/assets/editor/VwEdGlassSetting.ts.
13:28:24 debug: Resolve cce:/internal/code-quality/cr.mjs from file:///Users/songxiangying/Desktop/cc1234223/assets/editor/VwEdGlassSetting.ts as cce:/internal/code-quality/cr.mjs.
13:28:24 debug: Resolve cc from file:///Users/songxiangying/Desktop/cc1234223/assets/editor/VwEdGlassSetting.ts as cce:/internal/x/cc.
13:28:24 debug: Resolve cc from file:///Users/songxiangying/Desktop/cc1234223/assets/editor/VwEdGlassSetting.ts as cce:/internal/x/cc.
13:28:24 debug: Resolve cc from file:///Users/songxiangying/Desktop/cc1234223/assets/editor/VwEdGlassSetting.ts as cce:/internal/x/cc.
13:28:24 debug: Resolve ./EdGlass from file:///Users/songxiangying/Desktop/cc1234223/assets/editor/VwEdFunland.ts as file:///Users/songxiangying/Desktop/cc1234223/assets/editor/EdGlass.ts.
13:28:24 debug: Resolve ./UiEdColorCount from file:///Users/songxiangying/Desktop/cc1234223/assets/editor/VwEdFunland.ts as file:///Users/songxiangying/Desktop/cc1234223/assets/editor/UiEdColorCount.ts.
13:28:24 debug: Resolve ./UiEdColumnCount from file:///Users/songxiangying/Desktop/cc1234223/assets/editor/VwEdFunland.ts as file:///Users/songxiangying/Desktop/cc1234223/assets/editor/UiEdColumnCount.ts.
13:28:24 debug: Resolve file:///Users/songxiangying/Desktop/cc1234223/assets/editor/VwEdGlassSetting.ts from cce:/internal/x/prerequisite-imports as file:///Users/songxiangying/Desktop/cc1234223/assets/editor/VwEdGlassSetting.ts.
13:28:24 debug: Resolve file:///Users/songxiangying/Desktop/cc1234223/assets/editor/VwEdPlay.ts from cce:/internal/x/prerequisite-imports as file:///Users/songxiangying/Desktop/cc1234223/assets/editor/VwEdPlay.ts.
13:28:24 debug: Resolve cce:/internal/code-quality/cr.mjs from file:///Users/songxiangying/Desktop/cc1234223/assets/editor/VwEdPlay.ts as cce:/internal/code-quality/cr.mjs.
13:28:24 debug: Resolve cc from file:///Users/songxiangying/Desktop/cc1234223/assets/editor/VwEdPlay.ts as cce:/internal/x/cc.
13:28:24 debug: Resolve cc from file:///Users/songxiangying/Desktop/cc1234223/assets/editor/VwEdPlay.ts as cce:/internal/x/cc.
13:28:24 debug: Resolve cc from file:///Users/songxiangying/Desktop/cc1234223/assets/editor/VwEdPlay.ts as cce:/internal/x/cc.
13:28:24 debug: Resolve ./VwEdFunland from file:///Users/songxiangying/Desktop/cc1234223/assets/editor/VwEdPlay.ts as file:///Users/songxiangying/Desktop/cc1234223/assets/editor/VwEdFunland.ts.
13:28:24 debug: Resolve ../core/CwgState from file:///Users/songxiangying/Desktop/cc1234223/assets/editor/VwEdPlay.ts as file:///Users/songxiangying/Desktop/cc1234223/assets/core/CwgState.ts.
13:28:24 debug: Resolve ./EdFunlandInfo from file:///Users/songxiangying/Desktop/cc1234223/assets/editor/VwEdPlay.ts as file:///Users/songxiangying/Desktop/cc1234223/assets/editor/EdFunlandInfo.ts.
13:28:24 debug: Resolve ./UiEdColumn from file:///Users/songxiangying/Desktop/cc1234223/assets/editor/VwEdPlay.ts as file:///Users/songxiangying/Desktop/cc1234223/assets/editor/UiEdColumn.ts.
13:28:24 debug: Resolve ./EdGlass from file:///Users/songxiangying/Desktop/cc1234223/assets/editor/VwEdPlay.ts as file:///Users/songxiangying/Desktop/cc1234223/assets/editor/EdGlass.ts.
13:28:24 debug: Resolve ./VwEdUi from file:///Users/songxiangying/Desktop/cc1234223/assets/editor/VwEdPlay.ts as file:///Users/songxiangying/Desktop/cc1234223/assets/editor/VwEdUi.ts.
13:28:24 debug: Resolve cce:/internal/code-quality/cr.mjs from file:///Users/songxiangying/Desktop/cc1234223/assets/editor/VwEdUi.ts as cce:/internal/code-quality/cr.mjs.
13:28:24 debug: Resolve cc from file:///Users/songxiangying/Desktop/cc1234223/assets/editor/VwEdUi.ts as cce:/internal/x/cc.
13:28:24 debug: Resolve cc from file:///Users/songxiangying/Desktop/cc1234223/assets/editor/VwEdUi.ts as cce:/internal/x/cc.
13:28:24 debug: Resolve cc from file:///Users/songxiangying/Desktop/cc1234223/assets/editor/VwEdUi.ts as cce:/internal/x/cc.
13:28:24 debug: Resolve ./UiEdColumnCount from file:///Users/songxiangying/Desktop/cc1234223/assets/editor/VwEdUi.ts as file:///Users/songxiangying/Desktop/cc1234223/assets/editor/UiEdColumnCount.ts.
13:28:24 debug: Resolve ../core/VwUi from file:///Users/songxiangying/Desktop/cc1234223/assets/editor/VwEdUi.ts as file:///Users/songxiangying/Desktop/cc1234223/assets/core/VwUi.ts.
13:28:24 debug: Resolve ../core/VwPlay from file:///Users/songxiangying/Desktop/cc1234223/assets/editor/VwEdPlay.ts as file:///Users/songxiangying/Desktop/cc1234223/assets/core/VwPlay.ts.
13:28:24 debug: Resolve file:///Users/songxiangying/Desktop/cc1234223/assets/editor/VwEdUi.ts from cce:/internal/x/prerequisite-imports as file:///Users/songxiangying/Desktop/cc1234223/assets/editor/VwEdUi.ts.
13:28:24 debug: Target(editor) ends with cost 187.63791699707508ms.
13:28:24 debug: Target(preview) build started.
13:28:24 debug: Detected change: cce:/internal/x/cc. Last mtime: Thu Jan 01 1970 08:00:25 GMT+0800 (中国标准时间), Current mtime: Thu Jan 01 1970 08:00:09 GMT+0800 (中国标准时间)
13:28:24 debug: Inspect cce:/internal/x/cc
13:28:24 debug: Resolve cce:/internal/x/cc-fu/2d from cce:/internal/x/cc as external dependency cce:/internal/x/cc-fu/2d.
13:28:24 debug: Resolve cce:/internal/x/cc-fu/sorting from cce:/internal/x/cc as external dependency cce:/internal/x/cc-fu/sorting.
13:28:24 debug: Resolve cce:/internal/x/cc-fu/3d from cce:/internal/x/cc as external dependency cce:/internal/x/cc-fu/3d.
13:28:24 debug: Resolve cce:/internal/x/cc-fu/animation from cce:/internal/x/cc as external dependency cce:/internal/x/cc-fu/animation.
13:28:24 debug: Resolve cce:/internal/x/cc-fu/audio from cce:/internal/x/cc as external dependency cce:/internal/x/cc-fu/audio.
13:28:24 debug: Resolve cce:/internal/x/cc-fu/base from cce:/internal/x/cc as external dependency cce:/internal/x/cc-fu/base.
13:28:24 debug: Resolve cce:/internal/x/cc-fu/dragon-bones from cce:/internal/x/cc as external dependency cce:/internal/x/cc-fu/dragon-bones.
13:28:24 debug: Resolve cce:/internal/x/cc-fu/gfx-webgl from cce:/internal/x/cc as external dependency cce:/internal/x/cc-fu/gfx-webgl.
13:28:24 debug: Resolve cce:/internal/x/cc-fu/intersection-2d from cce:/internal/x/cc as external dependency cce:/internal/x/cc-fu/intersection-2d.
13:28:24 debug: Resolve cce:/internal/x/cc-fu/light-probe from cce:/internal/x/cc as external dependency cce:/internal/x/cc-fu/light-probe.
13:28:24 debug: Resolve cce:/internal/x/cc-fu/particle from cce:/internal/x/cc as external dependency cce:/internal/x/cc-fu/particle.
13:28:24 debug: Resolve cce:/internal/x/cc-fu/particle-2d from cce:/internal/x/cc as external dependency cce:/internal/x/cc-fu/particle-2d.
13:28:24 debug: Resolve cce:/internal/x/cc-fu/physics-2d-box2d from cce:/internal/x/cc as external dependency cce:/internal/x/cc-fu/physics-2d-box2d.
13:28:24 debug: Resolve cce:/internal/x/cc-fu/physics-2d-framework from cce:/internal/x/cc as external dependency cce:/internal/x/cc-fu/physics-2d-framework.
13:28:24 debug: Resolve cce:/internal/x/cc-fu/physics-ammo from cce:/internal/x/cc as external dependency cce:/internal/x/cc-fu/physics-ammo.
13:28:24 debug: Resolve cce:/internal/x/cc-fu/physics-framework from cce:/internal/x/cc as external dependency cce:/internal/x/cc-fu/physics-framework.
13:28:24 debug: Resolve cce:/internal/x/cc-fu/wait-for-ammo-instantiation from cce:/internal/x/cc as external dependency cce:/internal/x/cc-fu/wait-for-ammo-instantiation.
13:28:24 debug: Resolve cce:/internal/x/cc-fu/primitive from cce:/internal/x/cc as external dependency cce:/internal/x/cc-fu/primitive.
13:28:24 debug: Resolve cce:/internal/x/cc-fu/profiler from cce:/internal/x/cc as external dependency cce:/internal/x/cc-fu/profiler.
13:28:24 debug: Resolve cce:/internal/x/cc-fu/skeletal-animation from cce:/internal/x/cc as external dependency cce:/internal/x/cc-fu/skeletal-animation.
13:28:24 debug: Resolve cce:/internal/x/cc-fu/spine from cce:/internal/x/cc as external dependency cce:/internal/x/cc-fu/spine.
13:28:24 debug: Resolve cce:/internal/x/cc-fu/terrain from cce:/internal/x/cc as external dependency cce:/internal/x/cc-fu/terrain.
13:28:24 debug: Resolve cce:/internal/x/cc-fu/tiled-map from cce:/internal/x/cc as external dependency cce:/internal/x/cc-fu/tiled-map.
13:28:24 debug: Resolve cce:/internal/x/cc-fu/tween from cce:/internal/x/cc as external dependency cce:/internal/x/cc-fu/tween.
13:28:24 debug: Resolve cce:/internal/x/cc-fu/ui from cce:/internal/x/cc as external dependency cce:/internal/x/cc-fu/ui.
13:28:24 debug: Resolve cce:/internal/x/cc-fu/video from cce:/internal/x/cc as external dependency cce:/internal/x/cc-fu/video.
13:28:24 debug: Resolve cce:/internal/x/cc-fu/webview from cce:/internal/x/cc as external dependency cce:/internal/x/cc-fu/webview.
13:28:24 debug: Detected change: cce:/internal/x/prerequisite-imports. Last mtime: Thu Jan 01 1970 08:00:31 GMT+0800 (中国标准时间), Current mtime: Thu Jan 01 1970 08:00:10 GMT+0800 (中国标准时间)
13:28:24 debug: Inspect cce:/internal/x/prerequisite-imports
13:28:24 debug: Resolve file:///Applications/Cocos/Creator/3.8.3/CocosCreator.app/Contents/Resources/resources/3d/engine/editor/assets/tools/debug-view-runtime-control.ts from cce:/internal/x/prerequisite-imports as file:///Applications/Cocos/Creator/3.8.3/CocosCreator.app/Contents/Resources/resources/3d/engine/editor/assets/tools/debug-view-runtime-control.ts.
13:28:24 debug: Resolve cc from file:///Applications/Cocos/Creator/3.8.3/CocosCreator.app/Contents/Resources/resources/3d/engine/editor/assets/tools/debug-view-runtime-control.ts as cce:/internal/x/cc.
13:28:24 debug: Resolve cc from file:///Applications/Cocos/Creator/3.8.3/CocosCreator.app/Contents/Resources/resources/3d/engine/editor/assets/tools/debug-view-runtime-control.ts as cce:/internal/x/cc.
13:28:24 debug: Resolve cc from file:///Applications/Cocos/Creator/3.8.3/CocosCreator.app/Contents/Resources/resources/3d/engine/editor/assets/tools/debug-view-runtime-control.ts as cce:/internal/x/cc.
13:28:24 debug: Resolve file:///Users/songxiangying/Desktop/cc1234223/assets/common/EventMng.ts from cce:/internal/x/prerequisite-imports as file:///Users/songxiangying/Desktop/cc1234223/assets/common/EventMng.ts.
13:28:24 debug: Resolve cc from file:///Users/songxiangying/Desktop/cc1234223/assets/common/EventMng.ts as cce:/internal/x/cc.
13:28:24 debug: Resolve cc from file:///Users/songxiangying/Desktop/cc1234223/assets/common/EventMng.ts as cce:/internal/x/cc.
13:28:24 debug: Resolve cc from file:///Users/songxiangying/Desktop/cc1234223/assets/common/EventMng.ts as cce:/internal/x/cc.
13:28:24 debug: Resolve file:///Users/songxiangying/Desktop/cc1234223/assets/common/LocalStorage.ts from cce:/internal/x/prerequisite-imports as file:///Users/songxiangying/Desktop/cc1234223/assets/common/LocalStorage.ts.
13:28:24 debug: Resolve cc from file:///Users/songxiangying/Desktop/cc1234223/assets/common/LocalStorage.ts as cce:/internal/x/cc.
13:28:24 debug: Resolve cc from file:///Users/songxiangying/Desktop/cc1234223/assets/common/LocalStorage.ts as cce:/internal/x/cc.
13:28:24 debug: Resolve cc from file:///Users/songxiangying/Desktop/cc1234223/assets/common/LocalStorage.ts as cce:/internal/x/cc.
13:28:24 debug: Resolve file:///Users/songxiangying/Desktop/cc1234223/assets/common/Pool.ts from cce:/internal/x/prerequisite-imports as file:///Users/songxiangying/Desktop/cc1234223/assets/common/Pool.ts.
13:28:24 debug: Resolve cc from file:///Users/songxiangying/Desktop/cc1234223/assets/common/Pool.ts as cce:/internal/x/cc.
13:28:24 debug: Resolve cc from file:///Users/songxiangying/Desktop/cc1234223/assets/common/Pool.ts as cce:/internal/x/cc.
13:28:24 debug: Resolve cc from file:///Users/songxiangying/Desktop/cc1234223/assets/common/Pool.ts as cce:/internal/x/cc.
13:28:24 debug: Resolve file:///Users/songxiangying/Desktop/cc1234223/assets/common/Rand.ts from cce:/internal/x/prerequisite-imports as file:///Users/songxiangying/Desktop/cc1234223/assets/common/Rand.ts.
13:28:24 debug: Resolve cc from file:///Users/songxiangying/Desktop/cc1234223/assets/common/Rand.ts as cce:/internal/x/cc.
13:28:24 debug: Resolve file:///Users/songxiangying/Desktop/cc1234223/assets/common/ResLoader.ts from cce:/internal/x/prerequisite-imports as file:///Users/songxiangying/Desktop/cc1234223/assets/common/ResLoader.ts.
13:28:24 debug: Resolve cc from file:///Users/songxiangying/Desktop/cc1234223/assets/common/ResLoader.ts as cce:/internal/x/cc.
13:28:24 debug: Resolve cc from file:///Users/songxiangying/Desktop/cc1234223/assets/common/ResLoader.ts as cce:/internal/x/cc.
13:28:24 debug: Resolve cc from file:///Users/songxiangying/Desktop/cc1234223/assets/common/ResLoader.ts as cce:/internal/x/cc.
13:28:24 debug: Resolve file:///Users/songxiangying/Desktop/cc1234223/assets/common/Toolkit.ts from cce:/internal/x/prerequisite-imports as file:///Users/songxiangying/Desktop/cc1234223/assets/common/Toolkit.ts.
13:28:24 debug: Resolve cc from file:///Users/songxiangying/Desktop/cc1234223/assets/common/Toolkit.ts as cce:/internal/x/cc.
13:28:24 debug: Resolve cc from file:///Users/songxiangying/Desktop/cc1234223/assets/common/Toolkit.ts as cce:/internal/x/cc.
13:28:24 debug: Resolve file:///Users/songxiangying/Desktop/cc1234223/assets/core/CwgConstant.ts from cce:/internal/x/prerequisite-imports as file:///Users/songxiangying/Desktop/cc1234223/assets/core/CwgConstant.ts.
13:28:24 debug: Resolve cc from file:///Users/songxiangying/Desktop/cc1234223/assets/core/CwgConstant.ts as cce:/internal/x/cc.
13:28:24 debug: Resolve file:///Users/songxiangying/Desktop/cc1234223/assets/core/CwgPools.ts from cce:/internal/x/prerequisite-imports as file:///Users/songxiangying/Desktop/cc1234223/assets/core/CwgPools.ts.
13:28:24 debug: Resolve cce:/internal/code-quality/cr.mjs from file:///Users/songxiangying/Desktop/cc1234223/assets/core/CwgPools.ts as cce:/internal/code-quality/cr.mjs.
13:28:24 debug: Detected change: cce:/internal/code-quality/cr.mjs. Last mtime: Thu Dec 11 2025 13:21:20 GMT+0800 (中国标准时间), Current mtime: Thu Dec 11 2025 13:28:14 GMT+0800 (中国标准时间)
13:28:24 debug: Inspect cce:/internal/code-quality/cr.mjs
13:28:24 debug: Resolve cc from file:///Users/songxiangying/Desktop/cc1234223/assets/core/CwgPools.ts as cce:/internal/x/cc.
13:28:24 debug: Resolve cc from file:///Users/songxiangying/Desktop/cc1234223/assets/core/CwgPools.ts as cce:/internal/x/cc.
13:28:24 debug: Resolve cc from file:///Users/songxiangying/Desktop/cc1234223/assets/core/CwgPools.ts as cce:/internal/x/cc.
13:28:24 debug: Resolve ../common/Pool from file:///Users/songxiangying/Desktop/cc1234223/assets/core/CwgPools.ts as file:///Users/songxiangying/Desktop/cc1234223/assets/common/Pool.ts.
13:28:24 debug: Resolve ./Glass from file:///Users/songxiangying/Desktop/cc1234223/assets/core/CwgPools.ts as file:///Users/songxiangying/Desktop/cc1234223/assets/core/Glass.ts.
13:28:24 debug: Resolve cce:/internal/code-quality/cr.mjs from file:///Users/songxiangying/Desktop/cc1234223/assets/core/Glass.ts as cce:/internal/code-quality/cr.mjs.
13:28:24 debug: Resolve cc from file:///Users/songxiangying/Desktop/cc1234223/assets/core/Glass.ts as cce:/internal/x/cc.
13:28:24 debug: Resolve cc from file:///Users/songxiangying/Desktop/cc1234223/assets/core/Glass.ts as cce:/internal/x/cc.
13:28:24 debug: Resolve cc from file:///Users/songxiangying/Desktop/cc1234223/assets/core/Glass.ts as cce:/internal/x/cc.
13:28:24 debug: Resolve ./CwgConstant from file:///Users/songxiangying/Desktop/cc1234223/assets/core/Glass.ts as file:///Users/songxiangying/Desktop/cc1234223/assets/core/CwgConstant.ts.
13:28:24 debug: Resolve ./glass-anims/WaterSurface from file:///Users/songxiangying/Desktop/cc1234223/assets/core/Glass.ts as file:///Users/songxiangying/Desktop/cc1234223/assets/core/glass-anims/WaterSurface.ts.
13:28:24 debug: Resolve cc from file:///Users/songxiangying/Desktop/cc1234223/assets/core/glass-anims/WaterSurface.ts as cce:/internal/x/cc.
13:28:24 debug: Resolve cc from file:///Users/songxiangying/Desktop/cc1234223/assets/core/glass-anims/WaterSurface.ts as cce:/internal/x/cc.
13:28:24 debug: Resolve cc from file:///Users/songxiangying/Desktop/cc1234223/assets/core/glass-anims/WaterSurface.ts as cce:/internal/x/cc.
13:28:24 debug: Resolve ./glass-anims/GlassPourOut from file:///Users/songxiangying/Desktop/cc1234223/assets/core/CwgPools.ts as file:///Users/songxiangying/Desktop/cc1234223/assets/core/glass-anims/GlassPourOut.ts.
13:28:24 debug: Resolve cce:/internal/code-quality/cr.mjs from file:///Users/songxiangying/Desktop/cc1234223/assets/core/glass-anims/GlassPourOut.ts as cce:/internal/code-quality/cr.mjs.
13:28:24 debug: Resolve cc from file:///Users/songxiangying/Desktop/cc1234223/assets/core/glass-anims/GlassPourOut.ts as cce:/internal/x/cc.
13:28:24 debug: Resolve cc from file:///Users/songxiangying/Desktop/cc1234223/assets/core/glass-anims/GlassPourOut.ts as cce:/internal/x/cc.
13:28:24 debug: Resolve cc from file:///Users/songxiangying/Desktop/cc1234223/assets/core/glass-anims/GlassPourOut.ts as cce:/internal/x/cc.
13:28:24 debug: Resolve ../Glass from file:///Users/songxiangying/Desktop/cc1234223/assets/core/glass-anims/GlassPourOut.ts as file:///Users/songxiangying/Desktop/cc1234223/assets/core/Glass.ts.
13:28:24 debug: Resolve ../CwgConstant from file:///Users/songxiangying/Desktop/cc1234223/assets/core/glass-anims/GlassPourOut.ts as file:///Users/songxiangying/Desktop/cc1234223/assets/core/CwgConstant.ts.
13:28:24 debug: Resolve ../../common/Toolkit from file:///Users/songxiangying/Desktop/cc1234223/assets/core/glass-anims/GlassPourOut.ts as file:///Users/songxiangying/Desktop/cc1234223/assets/common/Toolkit.ts.
13:28:24 debug: Resolve ./glass-anims/GlassFlowing from file:///Users/songxiangying/Desktop/cc1234223/assets/core/CwgPools.ts as file:///Users/songxiangying/Desktop/cc1234223/assets/core/glass-anims/GlassFlowing.ts.
13:28:24 debug: Resolve cce:/internal/code-quality/cr.mjs from file:///Users/songxiangying/Desktop/cc1234223/assets/core/glass-anims/GlassFlowing.ts as cce:/internal/code-quality/cr.mjs.
13:28:24 debug: Resolve cc from file:///Users/songxiangying/Desktop/cc1234223/assets/core/glass-anims/GlassFlowing.ts as cce:/internal/x/cc.
13:28:24 debug: Resolve cc from file:///Users/songxiangying/Desktop/cc1234223/assets/core/glass-anims/GlassFlowing.ts as cce:/internal/x/cc.
13:28:24 debug: Resolve cc from file:///Users/songxiangying/Desktop/cc1234223/assets/core/glass-anims/GlassFlowing.ts as cce:/internal/x/cc.
13:28:24 debug: Resolve ../../common/Toolkit from file:///Users/songxiangying/Desktop/cc1234223/assets/core/glass-anims/GlassFlowing.ts as file:///Users/songxiangying/Desktop/cc1234223/assets/common/Toolkit.ts.
13:28:24 debug: Resolve ../SoundComp from file:///Users/songxiangying/Desktop/cc1234223/assets/core/glass-anims/GlassFlowing.ts as file:///Users/songxiangying/Desktop/cc1234223/assets/core/SoundComp.ts.
13:28:24 debug: Resolve cc from file:///Users/songxiangying/Desktop/cc1234223/assets/core/SoundComp.ts as cce:/internal/x/cc.
13:28:24 debug: Resolve cc from file:///Users/songxiangying/Desktop/cc1234223/assets/core/SoundComp.ts as cce:/internal/x/cc.
13:28:24 debug: Resolve cc from file:///Users/songxiangying/Desktop/cc1234223/assets/core/SoundComp.ts as cce:/internal/x/cc.
13:28:24 debug: Resolve ../Glass from file:///Users/songxiangying/Desktop/cc1234223/assets/core/glass-anims/GlassFlowing.ts as file:///Users/songxiangying/Desktop/cc1234223/assets/core/Glass.ts.
13:28:24 debug: Resolve ../CwgConstant from file:///Users/songxiangying/Desktop/cc1234223/assets/core/glass-anims/GlassFlowing.ts as file:///Users/songxiangying/Desktop/cc1234223/assets/core/CwgConstant.ts.
13:28:24 debug: Resolve ../common/Toolkit from file:///Users/songxiangying/Desktop/cc1234223/assets/core/CwgPools.ts as file:///Users/songxiangying/Desktop/cc1234223/assets/common/Toolkit.ts.
13:28:24 debug: Resolve ./other-anims/EfParticleSystem2D from file:///Users/songxiangying/Desktop/cc1234223/assets/core/CwgPools.ts as file:///Users/songxiangying/Desktop/cc1234223/assets/core/other-anims/EfParticleSystem2D.ts.
13:28:24 debug: Resolve cc from file:///Users/songxiangying/Desktop/cc1234223/assets/core/other-anims/EfParticleSystem2D.ts as cce:/internal/x/cc.
13:28:24 debug: Resolve cc from file:///Users/songxiangying/Desktop/cc1234223/assets/core/other-anims/EfParticleSystem2D.ts as cce:/internal/x/cc.
13:28:24 debug: Resolve cc from file:///Users/songxiangying/Desktop/cc1234223/assets/core/other-anims/EfParticleSystem2D.ts as cce:/internal/x/cc.
13:28:24 debug: Resolve file:///Users/songxiangying/Desktop/cc1234223/assets/core/CwgState.ts from cce:/internal/x/prerequisite-imports as file:///Users/songxiangying/Desktop/cc1234223/assets/core/CwgState.ts.
13:28:24 debug: Resolve cce:/internal/code-quality/cr.mjs from file:///Users/songxiangying/Desktop/cc1234223/assets/core/CwgState.ts as cce:/internal/code-quality/cr.mjs.
13:28:24 debug: Resolve cc from file:///Users/songxiangying/Desktop/cc1234223/assets/core/CwgState.ts as cce:/internal/x/cc.
13:28:24 debug: Resolve ../common/LocalStorage from file:///Users/songxiangying/Desktop/cc1234223/assets/core/CwgState.ts as file:///Users/songxiangying/Desktop/cc1234223/assets/common/LocalStorage.ts.
13:28:24 debug: Resolve ../common/ResLoader from file:///Users/songxiangying/Desktop/cc1234223/assets/core/CwgState.ts as file:///Users/songxiangying/Desktop/cc1234223/assets/common/ResLoader.ts.
13:28:24 debug: Resolve file:///Users/songxiangying/Desktop/cc1234223/assets/core/EndCtrl.ts from cce:/internal/x/prerequisite-imports as file:///Users/songxiangying/Desktop/cc1234223/assets/core/EndCtrl.ts.
13:28:24 debug: Resolve cc from file:///Users/songxiangying/Desktop/cc1234223/assets/core/EndCtrl.ts as cce:/internal/x/cc.
13:28:24 debug: Resolve cc from file:///Users/songxiangying/Desktop/cc1234223/assets/core/EndCtrl.ts as cce:/internal/x/cc.
13:28:24 debug: Resolve cc from file:///Users/songxiangying/Desktop/cc1234223/assets/core/EndCtrl.ts as cce:/internal/x/cc.
13:28:24 debug: Resolve file:///Users/songxiangying/Desktop/cc1234223/assets/core/FunlandInfo.ts from cce:/internal/x/prerequisite-imports as file:///Users/songxiangying/Desktop/cc1234223/assets/core/FunlandInfo.ts.
13:28:24 debug: Resolve cce:/internal/code-quality/cr.mjs from file:///Users/songxiangying/Desktop/cc1234223/assets/core/FunlandInfo.ts as cce:/internal/code-quality/cr.mjs.
13:28:24 debug: Resolve cc from file:///Users/songxiangying/Desktop/cc1234223/assets/core/FunlandInfo.ts as cce:/internal/x/cc.
13:28:24 debug: Resolve file:///Users/songxiangying/Desktop/cc1234223/assets/core/Glass.ts from cce:/internal/x/prerequisite-imports as file:///Users/songxiangying/Desktop/cc1234223/assets/core/Glass.ts.
13:28:24 debug: Resolve file:///Users/songxiangying/Desktop/cc1234223/assets/core/HomeCtrl.ts from cce:/internal/x/prerequisite-imports as file:///Users/songxiangying/Desktop/cc1234223/assets/core/HomeCtrl.ts.
13:28:24 debug: Resolve cc from file:///Users/songxiangying/Desktop/cc1234223/assets/core/HomeCtrl.ts as cce:/internal/x/cc.
13:28:24 debug: Resolve cc from file:///Users/songxiangying/Desktop/cc1234223/assets/core/HomeCtrl.ts as cce:/internal/x/cc.
13:28:24 debug: Resolve cc from file:///Users/songxiangying/Desktop/cc1234223/assets/core/HomeCtrl.ts as cce:/internal/x/cc.
13:28:24 debug: Resolve file:///Users/songxiangying/Desktop/cc1234223/assets/core/SoundComp.ts from cce:/internal/x/prerequisite-imports as file:///Users/songxiangying/Desktop/cc1234223/assets/core/SoundComp.ts.
13:28:24 debug: Resolve file:///Users/songxiangying/Desktop/cc1234223/assets/core/VwEffect.ts from cce:/internal/x/prerequisite-imports as file:///Users/songxiangying/Desktop/cc1234223/assets/core/VwEffect.ts.
13:28:24 debug: Resolve cce:/internal/code-quality/cr.mjs from file:///Users/songxiangying/Desktop/cc1234223/assets/core/VwEffect.ts as cce:/internal/code-quality/cr.mjs.
13:28:24 debug: Resolve cc from file:///Users/songxiangying/Desktop/cc1234223/assets/core/VwEffect.ts as cce:/internal/x/cc.
13:28:24 debug: Resolve cc from file:///Users/songxiangying/Desktop/cc1234223/assets/core/VwEffect.ts as cce:/internal/x/cc.
13:28:24 debug: Resolve cc from file:///Users/songxiangying/Desktop/cc1234223/assets/core/VwEffect.ts as cce:/internal/x/cc.
13:28:24 debug: Resolve ./CwgPools from file:///Users/songxiangying/Desktop/cc1234223/assets/core/VwEffect.ts as file:///Users/songxiangying/Desktop/cc1234223/assets/core/CwgPools.ts.
13:28:24 debug: Resolve file:///Users/songxiangying/Desktop/cc1234223/assets/core/VwFunland.ts from cce:/internal/x/prerequisite-imports as file:///Users/songxiangying/Desktop/cc1234223/assets/core/VwFunland.ts.
13:28:24 debug: Resolve cce:/internal/code-quality/cr.mjs from file:///Users/songxiangying/Desktop/cc1234223/assets/core/VwFunland.ts as cce:/internal/code-quality/cr.mjs.
13:28:24 debug: Resolve cc from file:///Users/songxiangying/Desktop/cc1234223/assets/core/VwFunland.ts as cce:/internal/x/cc.
13:28:24 debug: Resolve cc from file:///Users/songxiangying/Desktop/cc1234223/assets/core/VwFunland.ts as cce:/internal/x/cc.
13:28:24 debug: Resolve cc from file:///Users/songxiangying/Desktop/cc1234223/assets/core/VwFunland.ts as cce:/internal/x/cc.
13:28:24 debug: Resolve ./CwgPools from file:///Users/songxiangying/Desktop/cc1234223/assets/core/VwFunland.ts as file:///Users/songxiangying/Desktop/cc1234223/assets/core/CwgPools.ts.
13:28:24 debug: Resolve ../common/Toolkit from file:///Users/songxiangying/Desktop/cc1234223/assets/core/VwFunland.ts as file:///Users/songxiangying/Desktop/cc1234223/assets/common/Toolkit.ts.
13:28:24 debug: Resolve ../common/EventMng from file:///Users/songxiangying/Desktop/cc1234223/assets/core/VwFunland.ts as file:///Users/songxiangying/Desktop/cc1234223/assets/common/EventMng.ts.
13:28:24 debug: Resolve ./VwEffect from file:///Users/songxiangying/Desktop/cc1234223/assets/core/VwFunland.ts as file:///Users/songxiangying/Desktop/cc1234223/assets/core/VwEffect.ts.
13:28:24 debug: Resolve ./SoundComp from file:///Users/songxiangying/Desktop/cc1234223/assets/core/VwFunland.ts as file:///Users/songxiangying/Desktop/cc1234223/assets/core/SoundComp.ts.
13:28:24 debug: Resolve file:///Users/songxiangying/Desktop/cc1234223/assets/core/VwPlay.ts from cce:/internal/x/prerequisite-imports as file:///Users/songxiangying/Desktop/cc1234223/assets/core/VwPlay.ts.
13:28:24 debug: Resolve cce:/internal/code-quality/cr.mjs from file:///Users/songxiangying/Desktop/cc1234223/assets/core/VwPlay.ts as cce:/internal/code-quality/cr.mjs.
13:28:24 debug: Resolve cc from file:///Users/songxiangying/Desktop/cc1234223/assets/core/VwPlay.ts as cce:/internal/x/cc.
13:28:24 debug: Resolve cc from file:///Users/songxiangying/Desktop/cc1234223/assets/core/VwPlay.ts as cce:/internal/x/cc.
13:28:24 debug: Resolve cc from file:///Users/songxiangying/Desktop/cc1234223/assets/core/VwPlay.ts as cce:/internal/x/cc.
13:28:24 debug: Resolve ./VwFunland from file:///Users/songxiangying/Desktop/cc1234223/assets/core/VwPlay.ts as file:///Users/songxiangying/Desktop/cc1234223/assets/core/VwFunland.ts.
13:28:24 debug: Resolve ./VwUi from file:///Users/songxiangying/Desktop/cc1234223/assets/core/VwPlay.ts as file:///Users/songxiangying/Desktop/cc1234223/assets/core/VwUi.ts.
13:28:24 debug: Resolve cce:/internal/code-quality/cr.mjs from file:///Users/songxiangying/Desktop/cc1234223/assets/core/VwUi.ts as cce:/internal/code-quality/cr.mjs.
13:28:24 debug: Resolve cc from file:///Users/songxiangying/Desktop/cc1234223/assets/core/VwUi.ts as cce:/internal/x/cc.
13:28:24 debug: Resolve cc from file:///Users/songxiangying/Desktop/cc1234223/assets/core/VwUi.ts as cce:/internal/x/cc.
13:28:24 debug: Resolve cc from file:///Users/songxiangying/Desktop/cc1234223/assets/core/VwUi.ts as cce:/internal/x/cc.
13:28:24 debug: Resolve ./VwFunland from file:///Users/songxiangying/Desktop/cc1234223/assets/core/VwUi.ts as file:///Users/songxiangying/Desktop/cc1234223/assets/core/VwFunland.ts.
13:28:24 debug: Resolve ../common/EventMng from file:///Users/songxiangying/Desktop/cc1234223/assets/core/VwUi.ts as file:///Users/songxiangying/Desktop/cc1234223/assets/common/EventMng.ts.
13:28:24 debug: Resolve ./prop-anims/VwExchange from file:///Users/songxiangying/Desktop/cc1234223/assets/core/VwUi.ts as file:///Users/songxiangying/Desktop/cc1234223/assets/core/prop-anims/VwExchange.ts.
13:28:24 debug: Resolve cce:/internal/code-quality/cr.mjs from file:///Users/songxiangying/Desktop/cc1234223/assets/core/prop-anims/VwExchange.ts as cce:/internal/code-quality/cr.mjs.
13:28:24 debug: Resolve cc from file:///Users/songxiangying/Desktop/cc1234223/assets/core/prop-anims/VwExchange.ts as cce:/internal/x/cc.
13:28:24 debug: Resolve cc from file:///Users/songxiangying/Desktop/cc1234223/assets/core/prop-anims/VwExchange.ts as cce:/internal/x/cc.
13:28:24 debug: Resolve cc from file:///Users/songxiangying/Desktop/cc1234223/assets/core/prop-anims/VwExchange.ts as cce:/internal/x/cc.
13:28:24 debug: Resolve ../VwFunland from file:///Users/songxiangying/Desktop/cc1234223/assets/core/prop-anims/VwExchange.ts as file:///Users/songxiangying/Desktop/cc1234223/assets/core/VwFunland.ts.
13:28:24 debug: Resolve ./prop-anims/VwAddGlass from file:///Users/songxiangying/Desktop/cc1234223/assets/core/VwUi.ts as file:///Users/songxiangying/Desktop/cc1234223/assets/core/prop-anims/VwAddGlass.ts.
13:28:24 debug: Resolve cce:/internal/code-quality/cr.mjs from file:///Users/songxiangying/Desktop/cc1234223/assets/core/prop-anims/VwAddGlass.ts as cce:/internal/code-quality/cr.mjs.
13:28:24 debug: Resolve cc from file:///Users/songxiangying/Desktop/cc1234223/assets/core/prop-anims/VwAddGlass.ts as cce:/internal/x/cc.
13:28:24 debug: Resolve cc from file:///Users/songxiangying/Desktop/cc1234223/assets/core/prop-anims/VwAddGlass.ts as cce:/internal/x/cc.
13:28:24 debug: Resolve cc from file:///Users/songxiangying/Desktop/cc1234223/assets/core/prop-anims/VwAddGlass.ts as cce:/internal/x/cc.
13:28:24 debug: Resolve ../VwFunland from file:///Users/songxiangying/Desktop/cc1234223/assets/core/prop-anims/VwAddGlass.ts as file:///Users/songxiangying/Desktop/cc1234223/assets/core/VwFunland.ts.
13:28:24 debug: Resolve ./CwgState from file:///Users/songxiangying/Desktop/cc1234223/assets/core/VwPlay.ts as file:///Users/songxiangying/Desktop/cc1234223/assets/core/CwgState.ts.
13:28:24 debug: Resolve ./FunlandInfo from file:///Users/songxiangying/Desktop/cc1234223/assets/core/VwPlay.ts as file:///Users/songxiangying/Desktop/cc1234223/assets/core/FunlandInfo.ts.
13:28:24 debug: Resolve ../common/EventMng from file:///Users/songxiangying/Desktop/cc1234223/assets/core/VwPlay.ts as file:///Users/songxiangying/Desktop/cc1234223/assets/common/EventMng.ts.
13:28:24 debug: Resolve file:///Users/songxiangying/Desktop/cc1234223/assets/core/VwUi.ts from cce:/internal/x/prerequisite-imports as file:///Users/songxiangying/Desktop/cc1234223/assets/core/VwUi.ts.
13:28:24 debug: Resolve file:///Users/songxiangying/Desktop/cc1234223/assets/core/glass-anims/GlassFlowing.ts from cce:/internal/x/prerequisite-imports as file:///Users/songxiangying/Desktop/cc1234223/assets/core/glass-anims/GlassFlowing.ts.
13:28:24 debug: Resolve file:///Users/songxiangying/Desktop/cc1234223/assets/core/glass-anims/GlassPourOut.ts from cce:/internal/x/prerequisite-imports as file:///Users/songxiangying/Desktop/cc1234223/assets/core/glass-anims/GlassPourOut.ts.
13:28:24 debug: Resolve file:///Users/songxiangying/Desktop/cc1234223/assets/core/glass-anims/WaterSurface.ts from cce:/internal/x/prerequisite-imports as file:///Users/songxiangying/Desktop/cc1234223/assets/core/glass-anims/WaterSurface.ts.
13:28:24 debug: Resolve file:///Users/songxiangying/Desktop/cc1234223/assets/core/other-anims/EfParticleSystem2D.ts from cce:/internal/x/prerequisite-imports as file:///Users/songxiangying/Desktop/cc1234223/assets/core/other-anims/EfParticleSystem2D.ts.
13:28:24 debug: Resolve file:///Users/songxiangying/Desktop/cc1234223/assets/core/prop-anims/VwAddGlass.ts from cce:/internal/x/prerequisite-imports as file:///Users/songxiangying/Desktop/cc1234223/assets/core/prop-anims/VwAddGlass.ts.
13:28:24 debug: Resolve file:///Users/songxiangying/Desktop/cc1234223/assets/core/prop-anims/VwExchange.ts from cce:/internal/x/prerequisite-imports as file:///Users/songxiangying/Desktop/cc1234223/assets/core/prop-anims/VwExchange.ts.
13:28:24 debug: Resolve file:///Users/songxiangying/Desktop/cc1234223/assets/editor/EdFunlandInfo.ts from cce:/internal/x/prerequisite-imports as file:///Users/songxiangying/Desktop/cc1234223/assets/editor/EdFunlandInfo.ts.
13:28:24 debug: Resolve cce:/internal/code-quality/cr.mjs from file:///Users/songxiangying/Desktop/cc1234223/assets/editor/EdFunlandInfo.ts as cce:/internal/code-quality/cr.mjs.
13:28:24 debug: Resolve cc from file:///Users/songxiangying/Desktop/cc1234223/assets/editor/EdFunlandInfo.ts as cce:/internal/x/cc.
13:28:24 debug: Resolve ../core/FunlandInfo from file:///Users/songxiangying/Desktop/cc1234223/assets/editor/EdFunlandInfo.ts as file:///Users/songxiangying/Desktop/cc1234223/assets/core/FunlandInfo.ts.
13:28:24 debug: Resolve file:///Users/songxiangying/Desktop/cc1234223/assets/editor/EdGlass.ts from cce:/internal/x/prerequisite-imports as file:///Users/songxiangying/Desktop/cc1234223/assets/editor/EdGlass.ts.
13:28:24 debug: Resolve cce:/internal/code-quality/cr.mjs from file:///Users/songxiangying/Desktop/cc1234223/assets/editor/EdGlass.ts as cce:/internal/code-quality/cr.mjs.
13:28:24 debug: Resolve cc from file:///Users/songxiangying/Desktop/cc1234223/assets/editor/EdGlass.ts as cce:/internal/x/cc.
13:28:24 debug: Resolve cc from file:///Users/songxiangying/Desktop/cc1234223/assets/editor/EdGlass.ts as cce:/internal/x/cc.
13:28:24 debug: Resolve cc from file:///Users/songxiangying/Desktop/cc1234223/assets/editor/EdGlass.ts as cce:/internal/x/cc.
13:28:24 debug: Resolve ../core/Glass from file:///Users/songxiangying/Desktop/cc1234223/assets/editor/EdGlass.ts as file:///Users/songxiangying/Desktop/cc1234223/assets/core/Glass.ts.
13:28:24 debug: Resolve file:///Users/songxiangying/Desktop/cc1234223/assets/editor/UiEdColorCount.ts from cce:/internal/x/prerequisite-imports as file:///Users/songxiangying/Desktop/cc1234223/assets/editor/UiEdColorCount.ts.
13:28:24 debug: Resolve cce:/internal/code-quality/cr.mjs from file:///Users/songxiangying/Desktop/cc1234223/assets/editor/UiEdColorCount.ts as cce:/internal/code-quality/cr.mjs.
13:28:24 debug: Resolve cc from file:///Users/songxiangying/Desktop/cc1234223/assets/editor/UiEdColorCount.ts as cce:/internal/x/cc.
13:28:24 debug: Resolve cc from file:///Users/songxiangying/Desktop/cc1234223/assets/editor/UiEdColorCount.ts as cce:/internal/x/cc.
13:28:24 debug: Resolve cc from file:///Users/songxiangying/Desktop/cc1234223/assets/editor/UiEdColorCount.ts as cce:/internal/x/cc.
13:28:24 debug: Resolve ./UiEdColumn from file:///Users/songxiangying/Desktop/cc1234223/assets/editor/UiEdColorCount.ts as file:///Users/songxiangying/Desktop/cc1234223/assets/editor/UiEdColumn.ts.
13:28:24 debug: Resolve cce:/internal/code-quality/cr.mjs from file:///Users/songxiangying/Desktop/cc1234223/assets/editor/UiEdColumn.ts as cce:/internal/code-quality/cr.mjs.
13:28:24 debug: Resolve cc from file:///Users/songxiangying/Desktop/cc1234223/assets/editor/UiEdColumn.ts as cce:/internal/x/cc.
13:28:24 debug: Resolve cc from file:///Users/songxiangying/Desktop/cc1234223/assets/editor/UiEdColumn.ts as cce:/internal/x/cc.
13:28:24 debug: Resolve cc from file:///Users/songxiangying/Desktop/cc1234223/assets/editor/UiEdColumn.ts as cce:/internal/x/cc.
13:28:24 debug: Resolve ../core/CwgPools from file:///Users/songxiangying/Desktop/cc1234223/assets/editor/UiEdColumn.ts as file:///Users/songxiangying/Desktop/cc1234223/assets/core/CwgPools.ts.
13:28:24 debug: Resolve ../core/Glass from file:///Users/songxiangying/Desktop/cc1234223/assets/editor/UiEdColumn.ts as file:///Users/songxiangying/Desktop/cc1234223/assets/core/Glass.ts.
13:28:24 debug: Resolve ../common/Rand from file:///Users/songxiangying/Desktop/cc1234223/assets/editor/UiEdColorCount.ts as file:///Users/songxiangying/Desktop/cc1234223/assets/common/Rand.ts.
13:28:24 debug: Resolve ../core/CwgConstant from file:///Users/songxiangying/Desktop/cc1234223/assets/editor/UiEdColorCount.ts as file:///Users/songxiangying/Desktop/cc1234223/assets/core/CwgConstant.ts.
13:28:24 debug: Resolve ./EdGlass from file:///Users/songxiangying/Desktop/cc1234223/assets/editor/UiEdColorCount.ts as file:///Users/songxiangying/Desktop/cc1234223/assets/editor/EdGlass.ts.
13:28:24 debug: Resolve file:///Users/songxiangying/Desktop/cc1234223/assets/editor/UiEdColumn.ts from cce:/internal/x/prerequisite-imports as file:///Users/songxiangying/Desktop/cc1234223/assets/editor/UiEdColumn.ts.
13:28:24 debug: Resolve file:///Users/songxiangying/Desktop/cc1234223/assets/editor/UiEdColumnCount.ts from cce:/internal/x/prerequisite-imports as file:///Users/songxiangying/Desktop/cc1234223/assets/editor/UiEdColumnCount.ts.
13:28:24 debug: Resolve cce:/internal/code-quality/cr.mjs from file:///Users/songxiangying/Desktop/cc1234223/assets/editor/UiEdColumnCount.ts as cce:/internal/code-quality/cr.mjs.
13:28:24 debug: Resolve cc from file:///Users/songxiangying/Desktop/cc1234223/assets/editor/UiEdColumnCount.ts as cce:/internal/x/cc.
13:28:24 debug: Resolve cc from file:///Users/songxiangying/Desktop/cc1234223/assets/editor/UiEdColumnCount.ts as cce:/internal/x/cc.
13:28:24 debug: Resolve cc from file:///Users/songxiangying/Desktop/cc1234223/assets/editor/UiEdColumnCount.ts as cce:/internal/x/cc.
13:28:24 debug: Resolve ./UiEdColumnCtrl from file:///Users/songxiangying/Desktop/cc1234223/assets/editor/UiEdColumnCount.ts as file:///Users/songxiangying/Desktop/cc1234223/assets/editor/UiEdColumnCtrl.ts.
13:28:24 debug: Resolve cce:/internal/code-quality/cr.mjs from file:///Users/songxiangying/Desktop/cc1234223/assets/editor/UiEdColumnCtrl.ts as cce:/internal/code-quality/cr.mjs.
13:28:24 debug: Resolve cc from file:///Users/songxiangying/Desktop/cc1234223/assets/editor/UiEdColumnCtrl.ts as cce:/internal/x/cc.
13:28:24 debug: Resolve cc from file:///Users/songxiangying/Desktop/cc1234223/assets/editor/UiEdColumnCtrl.ts as cce:/internal/x/cc.
13:28:24 debug: Resolve cc from file:///Users/songxiangying/Desktop/cc1234223/assets/editor/UiEdColumnCtrl.ts as cce:/internal/x/cc.
13:28:24 debug: Resolve ./UiEdColumn from file:///Users/songxiangying/Desktop/cc1234223/assets/editor/UiEdColumnCtrl.ts as file:///Users/songxiangying/Desktop/cc1234223/assets/editor/UiEdColumn.ts.
13:28:24 debug: Resolve file:///Users/songxiangying/Desktop/cc1234223/assets/editor/UiEdColumnCtrl.ts from cce:/internal/x/prerequisite-imports as file:///Users/songxiangying/Desktop/cc1234223/assets/editor/UiEdColumnCtrl.ts.
13:28:24 debug: Resolve file:///Users/songxiangying/Desktop/cc1234223/assets/editor/VwEdFunland.ts from cce:/internal/x/prerequisite-imports as file:///Users/songxiangying/Desktop/cc1234223/assets/editor/VwEdFunland.ts.
13:28:24 debug: Resolve cce:/internal/code-quality/cr.mjs from file:///Users/songxiangying/Desktop/cc1234223/assets/editor/VwEdFunland.ts as cce:/internal/code-quality/cr.mjs.
13:28:24 debug: Resolve cc from file:///Users/songxiangying/Desktop/cc1234223/assets/editor/VwEdFunland.ts as cce:/internal/x/cc.
13:28:24 debug: Resolve cc from file:///Users/songxiangying/Desktop/cc1234223/assets/editor/VwEdFunland.ts as cce:/internal/x/cc.
13:28:24 debug: Resolve cc from file:///Users/songxiangying/Desktop/cc1234223/assets/editor/VwEdFunland.ts as cce:/internal/x/cc.
13:28:24 debug: Resolve ../core/CwgPools from file:///Users/songxiangying/Desktop/cc1234223/assets/editor/VwEdFunland.ts as file:///Users/songxiangying/Desktop/cc1234223/assets/core/CwgPools.ts.
13:28:24 debug: Resolve ./UiEdColumn from file:///Users/songxiangying/Desktop/cc1234223/assets/editor/VwEdFunland.ts as file:///Users/songxiangying/Desktop/cc1234223/assets/editor/UiEdColumn.ts.
13:28:24 debug: Resolve ./VwEdGlassSetting from file:///Users/songxiangying/Desktop/cc1234223/assets/editor/VwEdFunland.ts as file:///Users/songxiangying/Desktop/cc1234223/assets/editor/VwEdGlassSetting.ts.
13:28:24 debug: Resolve cce:/internal/code-quality/cr.mjs from file:///Users/songxiangying/Desktop/cc1234223/assets/editor/VwEdGlassSetting.ts as cce:/internal/code-quality/cr.mjs.
13:28:24 debug: Resolve cc from file:///Users/songxiangying/Desktop/cc1234223/assets/editor/VwEdGlassSetting.ts as cce:/internal/x/cc.
13:28:24 debug: Resolve cc from file:///Users/songxiangying/Desktop/cc1234223/assets/editor/VwEdGlassSetting.ts as cce:/internal/x/cc.
13:28:24 debug: Resolve cc from file:///Users/songxiangying/Desktop/cc1234223/assets/editor/VwEdGlassSetting.ts as cce:/internal/x/cc.
13:28:24 debug: Resolve ./EdGlass from file:///Users/songxiangying/Desktop/cc1234223/assets/editor/VwEdFunland.ts as file:///Users/songxiangying/Desktop/cc1234223/assets/editor/EdGlass.ts.
13:28:24 debug: Resolve ./UiEdColorCount from file:///Users/songxiangying/Desktop/cc1234223/assets/editor/VwEdFunland.ts as file:///Users/songxiangying/Desktop/cc1234223/assets/editor/UiEdColorCount.ts.
13:28:24 debug: Resolve ./UiEdColumnCount from file:///Users/songxiangying/Desktop/cc1234223/assets/editor/VwEdFunland.ts as file:///Users/songxiangying/Desktop/cc1234223/assets/editor/UiEdColumnCount.ts.
13:28:24 debug: Resolve file:///Users/songxiangying/Desktop/cc1234223/assets/editor/VwEdGlassSetting.ts from cce:/internal/x/prerequisite-imports as file:///Users/songxiangying/Desktop/cc1234223/assets/editor/VwEdGlassSetting.ts.
13:28:24 debug: Resolve file:///Users/songxiangying/Desktop/cc1234223/assets/editor/VwEdPlay.ts from cce:/internal/x/prerequisite-imports as file:///Users/songxiangying/Desktop/cc1234223/assets/editor/VwEdPlay.ts.
13:28:24 debug: Resolve cce:/internal/code-quality/cr.mjs from file:///Users/songxiangying/Desktop/cc1234223/assets/editor/VwEdPlay.ts as cce:/internal/code-quality/cr.mjs.
13:28:24 debug: Resolve cc from file:///Users/songxiangying/Desktop/cc1234223/assets/editor/VwEdPlay.ts as cce:/internal/x/cc.
13:28:24 debug: Resolve cc from file:///Users/songxiangying/Desktop/cc1234223/assets/editor/VwEdPlay.ts as cce:/internal/x/cc.
13:28:24 debug: Resolve cc from file:///Users/songxiangying/Desktop/cc1234223/assets/editor/VwEdPlay.ts as cce:/internal/x/cc.
13:28:24 debug: Resolve ./VwEdFunland from file:///Users/songxiangying/Desktop/cc1234223/assets/editor/VwEdPlay.ts as file:///Users/songxiangying/Desktop/cc1234223/assets/editor/VwEdFunland.ts.
13:28:24 debug: Resolve ../core/CwgState from file:///Users/songxiangying/Desktop/cc1234223/assets/editor/VwEdPlay.ts as file:///Users/songxiangying/Desktop/cc1234223/assets/core/CwgState.ts.
13:28:24 debug: Resolve ./EdFunlandInfo from file:///Users/songxiangying/Desktop/cc1234223/assets/editor/VwEdPlay.ts as file:///Users/songxiangying/Desktop/cc1234223/assets/editor/EdFunlandInfo.ts.
13:28:24 debug: Resolve ./UiEdColumn from file:///Users/songxiangying/Desktop/cc1234223/assets/editor/VwEdPlay.ts as file:///Users/songxiangying/Desktop/cc1234223/assets/editor/UiEdColumn.ts.
13:28:24 debug: Resolve ./EdGlass from file:///Users/songxiangying/Desktop/cc1234223/assets/editor/VwEdPlay.ts as file:///Users/songxiangying/Desktop/cc1234223/assets/editor/EdGlass.ts.
13:28:24 debug: Resolve ./VwEdUi from file:///Users/songxiangying/Desktop/cc1234223/assets/editor/VwEdPlay.ts as file:///Users/songxiangying/Desktop/cc1234223/assets/editor/VwEdUi.ts.
13:28:24 debug: Resolve cce:/internal/code-quality/cr.mjs from file:///Users/songxiangying/Desktop/cc1234223/assets/editor/VwEdUi.ts as cce:/internal/code-quality/cr.mjs.
13:28:24 debug: Resolve cc from file:///Users/songxiangying/Desktop/cc1234223/assets/editor/VwEdUi.ts as cce:/internal/x/cc.
13:28:24 debug: Resolve cc from file:///Users/songxiangying/Desktop/cc1234223/assets/editor/VwEdUi.ts as cce:/internal/x/cc.
13:28:24 debug: Resolve cc from file:///Users/songxiangying/Desktop/cc1234223/assets/editor/VwEdUi.ts as cce:/internal/x/cc.
13:28:24 debug: Resolve ./UiEdColumnCount from file:///Users/songxiangying/Desktop/cc1234223/assets/editor/VwEdUi.ts as file:///Users/songxiangying/Desktop/cc1234223/assets/editor/UiEdColumnCount.ts.
13:28:24 debug: Resolve ../core/VwUi from file:///Users/songxiangying/Desktop/cc1234223/assets/editor/VwEdUi.ts as file:///Users/songxiangying/Desktop/cc1234223/assets/core/VwUi.ts.
13:28:24 debug: Resolve ../core/VwPlay from file:///Users/songxiangying/Desktop/cc1234223/assets/editor/VwEdPlay.ts as file:///Users/songxiangying/Desktop/cc1234223/assets/core/VwPlay.ts.
13:28:24 debug: Resolve file:///Users/songxiangying/Desktop/cc1234223/assets/editor/VwEdUi.ts from cce:/internal/x/prerequisite-imports as file:///Users/songxiangying/Desktop/cc1234223/assets/editor/VwEdUi.ts.
13:28:25 debug: Target(preview) ends with cost 124.44699999690056ms.
13:28:25 debug: Pulling asset-db.
13:28:25 debug: Fetch asset-db cost: 478.1045839935541ms.
13:28:25 debug: Build iteration starts.
Number of accumulated asset changes: 35
Feature changed: false
13:28:25 debug: Target(editor) build started.
13:28:25 debug: Detected change: cce:/internal/x/prerequisite-imports. Last mtime: Thu Jan 01 1970 08:00:09 GMT+0800 (中国标准时间), Current mtime: Thu Jan 01 1970 08:00:11 GMT+0800 (中国标准时间)
13:28:25 debug: Inspect cce:/internal/x/prerequisite-imports
13:28:25 debug: Resolve file:///Applications/Cocos/Creator/3.8.3/CocosCreator.app/Contents/Resources/resources/3d/engine/editor/assets/tools/debug-view-runtime-control.ts from cce:/internal/x/prerequisite-imports as file:///Applications/Cocos/Creator/3.8.3/CocosCreator.app/Contents/Resources/resources/3d/engine/editor/assets/tools/debug-view-runtime-control.ts.
13:28:25 debug: Resolve file:///Users/songxiangying/Desktop/cc1234223/assets/common/EventMng.ts from cce:/internal/x/prerequisite-imports as file:///Users/songxiangying/Desktop/cc1234223/assets/common/EventMng.ts.
13:28:25 debug: Resolve file:///Users/songxiangying/Desktop/cc1234223/assets/common/LocalStorage.ts from cce:/internal/x/prerequisite-imports as file:///Users/songxiangying/Desktop/cc1234223/assets/common/LocalStorage.ts.
13:28:25 debug: Resolve file:///Users/songxiangying/Desktop/cc1234223/assets/common/Pool.ts from cce:/internal/x/prerequisite-imports as file:///Users/songxiangying/Desktop/cc1234223/assets/common/Pool.ts.
13:28:25 debug: Resolve file:///Users/songxiangying/Desktop/cc1234223/assets/common/Rand.ts from cce:/internal/x/prerequisite-imports as file:///Users/songxiangying/Desktop/cc1234223/assets/common/Rand.ts.
13:28:25 debug: Resolve file:///Users/songxiangying/Desktop/cc1234223/assets/common/ResLoader.ts from cce:/internal/x/prerequisite-imports as file:///Users/songxiangying/Desktop/cc1234223/assets/common/ResLoader.ts.
13:28:25 debug: Resolve file:///Users/songxiangying/Desktop/cc1234223/assets/common/Toolkit.ts from cce:/internal/x/prerequisite-imports as file:///Users/songxiangying/Desktop/cc1234223/assets/common/Toolkit.ts.
13:28:25 debug: Resolve file:///Users/songxiangying/Desktop/cc1234223/assets/core/CwgConstant.ts from cce:/internal/x/prerequisite-imports as file:///Users/songxiangying/Desktop/cc1234223/assets/core/CwgConstant.ts.
13:28:25 debug: Resolve file:///Users/songxiangying/Desktop/cc1234223/assets/core/CwgPools.ts from cce:/internal/x/prerequisite-imports as file:///Users/songxiangying/Desktop/cc1234223/assets/core/CwgPools.ts.
13:28:25 debug: Resolve file:///Users/songxiangying/Desktop/cc1234223/assets/core/CwgState.ts from cce:/internal/x/prerequisite-imports as file:///Users/songxiangying/Desktop/cc1234223/assets/core/CwgState.ts.
13:28:25 debug: Resolve file:///Users/songxiangying/Desktop/cc1234223/assets/core/EndCtrl.ts from cce:/internal/x/prerequisite-imports as file:///Users/songxiangying/Desktop/cc1234223/assets/core/EndCtrl.ts.
13:28:25 debug: Resolve file:///Users/songxiangying/Desktop/cc1234223/assets/core/FunlandInfo.ts from cce:/internal/x/prerequisite-imports as file:///Users/songxiangying/Desktop/cc1234223/assets/core/FunlandInfo.ts.
13:28:25 debug: Resolve file:///Users/songxiangying/Desktop/cc1234223/assets/core/Glass.ts from cce:/internal/x/prerequisite-imports as file:///Users/songxiangying/Desktop/cc1234223/assets/core/Glass.ts.
13:28:25 debug: Resolve file:///Users/songxiangying/Desktop/cc1234223/assets/core/HomeCtrl.ts from cce:/internal/x/prerequisite-imports as file:///Users/songxiangying/Desktop/cc1234223/assets/core/HomeCtrl.ts.
13:28:25 debug: Resolve file:///Users/songxiangying/Desktop/cc1234223/assets/core/SoundComp.ts from cce:/internal/x/prerequisite-imports as file:///Users/songxiangying/Desktop/cc1234223/assets/core/SoundComp.ts.
13:28:25 debug: Resolve file:///Users/songxiangying/Desktop/cc1234223/assets/core/VwEffect.ts from cce:/internal/x/prerequisite-imports as file:///Users/songxiangying/Desktop/cc1234223/assets/core/VwEffect.ts.
13:28:25 debug: Resolve file:///Users/songxiangying/Desktop/cc1234223/assets/core/VwFunland.ts from cce:/internal/x/prerequisite-imports as file:///Users/songxiangying/Desktop/cc1234223/assets/core/VwFunland.ts.
13:28:25 debug: Resolve file:///Users/songxiangying/Desktop/cc1234223/assets/core/VwPlay.ts from cce:/internal/x/prerequisite-imports as file:///Users/songxiangying/Desktop/cc1234223/assets/core/VwPlay.ts.
13:28:25 debug: Resolve file:///Users/songxiangying/Desktop/cc1234223/assets/core/VwUi.ts from cce:/internal/x/prerequisite-imports as file:///Users/songxiangying/Desktop/cc1234223/assets/core/VwUi.ts.
13:28:25 debug: Resolve file:///Users/songxiangying/Desktop/cc1234223/assets/core/glass-anims/GlassFlowing.ts from cce:/internal/x/prerequisite-imports as file:///Users/songxiangying/Desktop/cc1234223/assets/core/glass-anims/GlassFlowing.ts.
13:28:25 debug: Resolve file:///Users/songxiangying/Desktop/cc1234223/assets/core/glass-anims/GlassPourOut.ts from cce:/internal/x/prerequisite-imports as file:///Users/songxiangying/Desktop/cc1234223/assets/core/glass-anims/GlassPourOut.ts.
13:28:25 debug: Resolve file:///Users/songxiangying/Desktop/cc1234223/assets/core/glass-anims/WaterSurface.ts from cce:/internal/x/prerequisite-imports as file:///Users/songxiangying/Desktop/cc1234223/assets/core/glass-anims/WaterSurface.ts.
13:28:25 debug: Resolve file:///Users/songxiangying/Desktop/cc1234223/assets/core/other-anims/EfParticleSystem2D.ts from cce:/internal/x/prerequisite-imports as file:///Users/songxiangying/Desktop/cc1234223/assets/core/other-anims/EfParticleSystem2D.ts.
13:28:25 debug: Resolve file:///Users/songxiangying/Desktop/cc1234223/assets/core/prop-anims/VwAddGlass.ts from cce:/internal/x/prerequisite-imports as file:///Users/songxiangying/Desktop/cc1234223/assets/core/prop-anims/VwAddGlass.ts.
13:28:25 debug: Resolve file:///Users/songxiangying/Desktop/cc1234223/assets/core/prop-anims/VwExchange.ts from cce:/internal/x/prerequisite-imports as file:///Users/songxiangying/Desktop/cc1234223/assets/core/prop-anims/VwExchange.ts.
13:28:25 debug: Resolve file:///Users/songxiangying/Desktop/cc1234223/assets/editor/EdFunlandInfo.ts from cce:/internal/x/prerequisite-imports as file:///Users/songxiangying/Desktop/cc1234223/assets/editor/EdFunlandInfo.ts.
13:28:25 debug: Resolve file:///Users/songxiangying/Desktop/cc1234223/assets/editor/EdGlass.ts from cce:/internal/x/prerequisite-imports as file:///Users/songxiangying/Desktop/cc1234223/assets/editor/EdGlass.ts.
13:28:25 debug: Resolve file:///Users/songxiangying/Desktop/cc1234223/assets/editor/UiEdColorCount.ts from cce:/internal/x/prerequisite-imports as file:///Users/songxiangying/Desktop/cc1234223/assets/editor/UiEdColorCount.ts.
13:28:25 debug: Resolve file:///Users/songxiangying/Desktop/cc1234223/assets/editor/UiEdColumn.ts from cce:/internal/x/prerequisite-imports as file:///Users/songxiangying/Desktop/cc1234223/assets/editor/UiEdColumn.ts.
13:28:25 debug: Resolve file:///Users/songxiangying/Desktop/cc1234223/assets/editor/UiEdColumnCount.ts from cce:/internal/x/prerequisite-imports as file:///Users/songxiangying/Desktop/cc1234223/assets/editor/UiEdColumnCount.ts.
13:28:25 debug: Resolve file:///Users/songxiangying/Desktop/cc1234223/assets/editor/UiEdColumnCtrl.ts from cce:/internal/x/prerequisite-imports as file:///Users/songxiangying/Desktop/cc1234223/assets/editor/UiEdColumnCtrl.ts.
13:28:25 debug: Resolve file:///Users/songxiangying/Desktop/cc1234223/assets/editor/VwEdFunland.ts from cce:/internal/x/prerequisite-imports as file:///Users/songxiangying/Desktop/cc1234223/assets/editor/VwEdFunland.ts.
13:28:25 debug: Resolve file:///Users/songxiangying/Desktop/cc1234223/assets/editor/VwEdGlassSetting.ts from cce:/internal/x/prerequisite-imports as file:///Users/songxiangying/Desktop/cc1234223/assets/editor/VwEdGlassSetting.ts.
13:28:25 debug: Resolve file:///Users/songxiangying/Desktop/cc1234223/assets/editor/VwEdPlay.ts from cce:/internal/x/prerequisite-imports as file:///Users/songxiangying/Desktop/cc1234223/assets/editor/VwEdPlay.ts.
13:28:25 debug: Resolve file:///Users/songxiangying/Desktop/cc1234223/assets/editor/VwEdUi.ts from cce:/internal/x/prerequisite-imports as file:///Users/songxiangying/Desktop/cc1234223/assets/editor/VwEdUi.ts.
13:28:26 debug: Target(editor) ends with cost 56.36233299970627ms.
13:28:26 debug: Target(preview) build started.
13:28:26 debug: Detected change: cce:/internal/x/prerequisite-imports. Last mtime: Thu Jan 01 1970 08:00:10 GMT+0800 (中国标准时间), Current mtime: Thu Jan 01 1970 08:00:11 GMT+0800 (中国标准时间)
13:28:26 debug: Inspect cce:/internal/x/prerequisite-imports
13:28:26 debug: Resolve file:///Applications/Cocos/Creator/3.8.3/CocosCreator.app/Contents/Resources/resources/3d/engine/editor/assets/tools/debug-view-runtime-control.ts from cce:/internal/x/prerequisite-imports as file:///Applications/Cocos/Creator/3.8.3/CocosCreator.app/Contents/Resources/resources/3d/engine/editor/assets/tools/debug-view-runtime-control.ts.
13:28:26 debug: Resolve file:///Users/songxiangying/Desktop/cc1234223/assets/common/EventMng.ts from cce:/internal/x/prerequisite-imports as file:///Users/songxiangying/Desktop/cc1234223/assets/common/EventMng.ts.
13:28:26 debug: Resolve file:///Users/songxiangying/Desktop/cc1234223/assets/common/LocalStorage.ts from cce:/internal/x/prerequisite-imports as file:///Users/songxiangying/Desktop/cc1234223/assets/common/LocalStorage.ts.
13:28:26 debug: Resolve file:///Users/songxiangying/Desktop/cc1234223/assets/common/Pool.ts from cce:/internal/x/prerequisite-imports as file:///Users/songxiangying/Desktop/cc1234223/assets/common/Pool.ts.
13:28:26 debug: Resolve file:///Users/songxiangying/Desktop/cc1234223/assets/common/Rand.ts from cce:/internal/x/prerequisite-imports as file:///Users/songxiangying/Desktop/cc1234223/assets/common/Rand.ts.
13:28:26 debug: Resolve file:///Users/songxiangying/Desktop/cc1234223/assets/common/ResLoader.ts from cce:/internal/x/prerequisite-imports as file:///Users/songxiangying/Desktop/cc1234223/assets/common/ResLoader.ts.
13:28:26 debug: Resolve file:///Users/songxiangying/Desktop/cc1234223/assets/common/Toolkit.ts from cce:/internal/x/prerequisite-imports as file:///Users/songxiangying/Desktop/cc1234223/assets/common/Toolkit.ts.
13:28:26 debug: Resolve file:///Users/songxiangying/Desktop/cc1234223/assets/core/CwgConstant.ts from cce:/internal/x/prerequisite-imports as file:///Users/songxiangying/Desktop/cc1234223/assets/core/CwgConstant.ts.
13:28:26 debug: Resolve file:///Users/songxiangying/Desktop/cc1234223/assets/core/CwgPools.ts from cce:/internal/x/prerequisite-imports as file:///Users/songxiangying/Desktop/cc1234223/assets/core/CwgPools.ts.
13:28:26 debug: Resolve file:///Users/songxiangying/Desktop/cc1234223/assets/core/CwgState.ts from cce:/internal/x/prerequisite-imports as file:///Users/songxiangying/Desktop/cc1234223/assets/core/CwgState.ts.
13:28:26 debug: Resolve file:///Users/songxiangying/Desktop/cc1234223/assets/core/EndCtrl.ts from cce:/internal/x/prerequisite-imports as file:///Users/songxiangying/Desktop/cc1234223/assets/core/EndCtrl.ts.
13:28:26 debug: Resolve file:///Users/songxiangying/Desktop/cc1234223/assets/core/FunlandInfo.ts from cce:/internal/x/prerequisite-imports as file:///Users/songxiangying/Desktop/cc1234223/assets/core/FunlandInfo.ts.
13:28:26 debug: Resolve file:///Users/songxiangying/Desktop/cc1234223/assets/core/Glass.ts from cce:/internal/x/prerequisite-imports as file:///Users/songxiangying/Desktop/cc1234223/assets/core/Glass.ts.
13:28:26 debug: Resolve file:///Users/songxiangying/Desktop/cc1234223/assets/core/HomeCtrl.ts from cce:/internal/x/prerequisite-imports as file:///Users/songxiangying/Desktop/cc1234223/assets/core/HomeCtrl.ts.
13:28:26 debug: Resolve file:///Users/songxiangying/Desktop/cc1234223/assets/core/SoundComp.ts from cce:/internal/x/prerequisite-imports as file:///Users/songxiangying/Desktop/cc1234223/assets/core/SoundComp.ts.
13:28:26 debug: Resolve file:///Users/songxiangying/Desktop/cc1234223/assets/core/VwEffect.ts from cce:/internal/x/prerequisite-imports as file:///Users/songxiangying/Desktop/cc1234223/assets/core/VwEffect.ts.
13:28:26 debug: Resolve file:///Users/songxiangying/Desktop/cc1234223/assets/core/VwFunland.ts from cce:/internal/x/prerequisite-imports as file:///Users/songxiangying/Desktop/cc1234223/assets/core/VwFunland.ts.
13:28:26 debug: Resolve file:///Users/songxiangying/Desktop/cc1234223/assets/core/VwPlay.ts from cce:/internal/x/prerequisite-imports as file:///Users/songxiangying/Desktop/cc1234223/assets/core/VwPlay.ts.
13:28:26 debug: Resolve file:///Users/songxiangying/Desktop/cc1234223/assets/core/VwUi.ts from cce:/internal/x/prerequisite-imports as file:///Users/songxiangying/Desktop/cc1234223/assets/core/VwUi.ts.
13:28:26 debug: Resolve file:///Users/songxiangying/Desktop/cc1234223/assets/core/glass-anims/GlassFlowing.ts from cce:/internal/x/prerequisite-imports as file:///Users/songxiangying/Desktop/cc1234223/assets/core/glass-anims/GlassFlowing.ts.
13:28:26 debug: Resolve file:///Users/songxiangying/Desktop/cc1234223/assets/core/glass-anims/GlassPourOut.ts from cce:/internal/x/prerequisite-imports as file:///Users/songxiangying/Desktop/cc1234223/assets/core/glass-anims/GlassPourOut.ts.
13:28:26 debug: Resolve file:///Users/songxiangying/Desktop/cc1234223/assets/core/glass-anims/WaterSurface.ts from cce:/internal/x/prerequisite-imports as file:///Users/songxiangying/Desktop/cc1234223/assets/core/glass-anims/WaterSurface.ts.
13:28:26 debug: Resolve file:///Users/songxiangying/Desktop/cc1234223/assets/core/other-anims/EfParticleSystem2D.ts from cce:/internal/x/prerequisite-imports as file:///Users/songxiangying/Desktop/cc1234223/assets/core/other-anims/EfParticleSystem2D.ts.
13:28:26 debug: Resolve file:///Users/songxiangying/Desktop/cc1234223/assets/core/prop-anims/VwAddGlass.ts from cce:/internal/x/prerequisite-imports as file:///Users/songxiangying/Desktop/cc1234223/assets/core/prop-anims/VwAddGlass.ts.
13:28:26 debug: Resolve file:///Users/songxiangying/Desktop/cc1234223/assets/core/prop-anims/VwExchange.ts from cce:/internal/x/prerequisite-imports as file:///Users/songxiangying/Desktop/cc1234223/assets/core/prop-anims/VwExchange.ts.
13:28:26 debug: Resolve file:///Users/songxiangying/Desktop/cc1234223/assets/editor/EdFunlandInfo.ts from cce:/internal/x/prerequisite-imports as file:///Users/songxiangying/Desktop/cc1234223/assets/editor/EdFunlandInfo.ts.
13:28:26 debug: Resolve file:///Users/songxiangying/Desktop/cc1234223/assets/editor/EdGlass.ts from cce:/internal/x/prerequisite-imports as file:///Users/songxiangying/Desktop/cc1234223/assets/editor/EdGlass.ts.
13:28:26 debug: Resolve file:///Users/songxiangying/Desktop/cc1234223/assets/editor/UiEdColorCount.ts from cce:/internal/x/prerequisite-imports as file:///Users/songxiangying/Desktop/cc1234223/assets/editor/UiEdColorCount.ts.
13:28:26 debug: Resolve file:///Users/songxiangying/Desktop/cc1234223/assets/editor/UiEdColumn.ts from cce:/internal/x/prerequisite-imports as file:///Users/songxiangying/Desktop/cc1234223/assets/editor/UiEdColumn.ts.
13:28:26 debug: Resolve file:///Users/songxiangying/Desktop/cc1234223/assets/editor/UiEdColumnCount.ts from cce:/internal/x/prerequisite-imports as file:///Users/songxiangying/Desktop/cc1234223/assets/editor/UiEdColumnCount.ts.
13:28:26 debug: Resolve file:///Users/songxiangying/Desktop/cc1234223/assets/editor/UiEdColumnCtrl.ts from cce:/internal/x/prerequisite-imports as file:///Users/songxiangying/Desktop/cc1234223/assets/editor/UiEdColumnCtrl.ts.
13:28:26 debug: Resolve file:///Users/songxiangying/Desktop/cc1234223/assets/editor/VwEdFunland.ts from cce:/internal/x/prerequisite-imports as file:///Users/songxiangying/Desktop/cc1234223/assets/editor/VwEdFunland.ts.
13:28:26 debug: Resolve file:///Users/songxiangying/Desktop/cc1234223/assets/editor/VwEdGlassSetting.ts from cce:/internal/x/prerequisite-imports as file:///Users/songxiangying/Desktop/cc1234223/assets/editor/VwEdGlassSetting.ts.
13:28:26 debug: Resolve file:///Users/songxiangying/Desktop/cc1234223/assets/editor/VwEdPlay.ts from cce:/internal/x/prerequisite-imports as file:///Users/songxiangying/Desktop/cc1234223/assets/editor/VwEdPlay.ts.
13:28:26 debug: Resolve file:///Users/songxiangying/Desktop/cc1234223/assets/editor/VwEdUi.ts from cce:/internal/x/prerequisite-imports as file:///Users/songxiangying/Desktop/cc1234223/assets/editor/VwEdUi.ts.
13:28:26 debug: Target(preview) ends with cost 45.81708399951458ms.
