2025-12-11 13:28:19-log: Cannot access game frame or container.
2025-12-11 13:28:19-debug: asset-db:require-engine-code (1207ms)
2025-12-11 13:28:20-log: meshopt wasm decoder initialized
2025-12-11 13:28:20-log: [box2d]:box2d wasm lib loaded.
2025-12-11 13:28:20-log: [bullet]:bullet wasm lib loaded.
2025-12-11 13:28:20-log: Cocos Creator v3.8.3
2025-12-11 13:28:24-debug: [Assets Memory track]: asset-db-plugin-register: engine-extends start:168.00MB, end 170.75MB, increase: 2.75MB
2025-12-11 13:28:24-debug: [Assets Memory track]: asset-db-plugin-register: project start:78.11MB, end 170.82MB, increase: 92.70MB
2025-12-11 13:28:24-debug: [Assets Memory track]: asset-db:worker-init: initPlugin start:77.48MB, end 170.83MB, increase: 93.35MB
2025-12-11 13:28:20-debug: [Assets Memory track]: asset-db:worker-init: initEngine start:26.10MB, end 77.48MB, increase: 51.37MB
2025-12-11 13:28:24-debug: [Assets Memory track]: asset-db-plugin-register: builder start:79.57MB, end 167.64MB, increase: 88.07MB
2025-12-11 13:28:20-debug: [Assets Memory track]: asset-db-plugin-register: programming start:78.23MB, end 79.56MB, increase: 1.32MB
2025-12-11 13:28:24-debug: asset-db:worker-init: initPlugin (3704ms)
2025-12-11 13:28:24-debug: [Assets Memory track]: asset-db:worker-init start:26.10MB, end 170.91MB, increase: 144.81MB
2025-12-11 13:28:24-debug: Run asset db hook engine-extends:beforePreStart success!
2025-12-11 13:28:24-debug: Run asset db hook programming:beforePreStart success!
2025-12-11 13:28:24-debug: Run asset db hook engine-extends:beforePreStart ...
2025-12-11 13:28:24-debug: Run asset db hook programming:beforePreStart ...
2025-12-11 13:28:24-debug: asset-db:worker-init (5892ms)
2025-12-11 13:28:24-debug: asset-db-hook-programming-beforePreStart (83ms)
2025-12-11 13:28:24-debug: asset-db-hook-engine-extends-beforePreStart (83ms)
2025-12-11 13:28:24-debug: Preimport db internal success
2025-12-11 13:28:24-debug: Preimport db assets success
2025-12-11 13:28:24-debug: Run asset db hook programming:afterPreStart ...
2025-12-11 13:28:24-debug: starting packer-driver...
2025-12-11 13:28:25-debug: initialize scripting environment...
2025-12-11 13:28:25-debug: Set detail map pack:///resolution-detail-map.json: {}
2025-12-11 13:28:25-debug: Run asset db hook programming:afterPreStart success!
2025-12-11 13:28:25-debug: Run asset db hook engine-extends:afterPreStart ...
2025-12-11 13:28:25-debug: Run asset db hook engine-extends:afterPreStart success!
2025-12-11 13:28:25-debug: Start up the 'internal' database...
2025-12-11 13:28:25-debug: asset-db-hook-programming-afterPreStart (763ms)
2025-12-11 13:28:25-debug: asset-db:worker-effect-data-processing (315ms)
2025-12-11 13:28:25-debug: asset-db-hook-engine-extends-afterPreStart (315ms)
2025-12-11 13:28:25-debug: Start up the 'assets' database...
2025-12-11 13:28:25-debug: asset-db:worker-startup-database[internal] (972ms)
2025-12-11 13:28:25-debug: lazy register asset handler *
2025-12-11 13:28:25-debug: lazy register asset handler text
2025-12-11 13:28:25-debug: lazy register asset handler spine-data
2025-12-11 13:28:25-debug: lazy register asset handler dragonbones
2025-12-11 13:28:25-debug: lazy register asset handler dragonbones-atlas
2025-12-11 13:28:25-debug: lazy register asset handler terrain
2025-12-11 13:28:25-debug: lazy register asset handler javascript
2025-12-11 13:28:25-debug: lazy register asset handler typescript
2025-12-11 13:28:25-debug: lazy register asset handler scene
2025-12-11 13:28:25-debug: lazy register asset handler sprite-frame
2025-12-11 13:28:25-debug: lazy register asset handler tiled-map
2025-12-11 13:28:25-debug: lazy register asset handler buffer
2025-12-11 13:28:25-debug: lazy register asset handler json
2025-12-11 13:28:25-debug: lazy register asset handler directory
2025-12-11 13:28:25-debug: lazy register asset handler alpha-image
2025-12-11 13:28:25-debug: lazy register asset handler texture
2025-12-11 13:28:25-debug: lazy register asset handler texture-cube
2025-12-11 13:28:25-debug: lazy register asset handler erp-texture-cube
2025-12-11 13:28:25-debug: lazy register asset handler render-texture
2025-12-11 13:28:25-debug: lazy register asset handler texture-cube-face
2025-12-11 13:28:25-debug: lazy register asset handler rt-sprite-frame
2025-12-11 13:28:25-debug: lazy register asset handler image
2025-12-11 13:28:25-debug: lazy register asset handler gltf-mesh
2025-12-11 13:28:25-debug: lazy register asset handler gltf-animation
2025-12-11 13:28:25-debug: lazy register asset handler gltf-skeleton
2025-12-11 13:28:25-debug: lazy register asset handler prefab
2025-12-11 13:28:25-debug: lazy register asset handler gltf-scene
2025-12-11 13:28:25-debug: lazy register asset handler gltf-embeded-image
2025-12-11 13:28:25-debug: lazy register asset handler fbx
2025-12-11 13:28:25-debug: lazy register asset handler sign-image
2025-12-11 13:28:25-debug: lazy register asset handler effect
2025-12-11 13:28:25-debug: lazy register asset handler material
2025-12-11 13:28:25-debug: lazy register asset handler effect-header
2025-12-11 13:28:25-debug: lazy register asset handler audio-clip
2025-12-11 13:28:25-debug: lazy register asset handler animation-clip
2025-12-11 13:28:25-debug: lazy register asset handler animation-graph
2025-12-11 13:28:25-debug: lazy register asset handler animation-graph-variant
2025-12-11 13:28:25-debug: lazy register asset handler animation-mask
2025-12-11 13:28:25-debug: lazy register asset handler ttf-font
2025-12-11 13:28:25-debug: lazy register asset handler bitmap-font
2025-12-11 13:28:25-debug: lazy register asset handler gltf-material
2025-12-11 13:28:25-debug: lazy register asset handler sprite-atlas
2025-12-11 13:28:25-debug: lazy register asset handler auto-atlas
2025-12-11 13:28:25-debug: lazy register asset handler label-atlas
2025-12-11 13:28:25-debug: lazy register asset handler render-pipeline
2025-12-11 13:28:25-debug: lazy register asset handler render-stage
2025-12-11 13:28:25-debug: lazy register asset handler render-flow
2025-12-11 13:28:25-debug: lazy register asset handler instantiation-material
2025-12-11 13:28:25-debug: lazy register asset handler instantiation-mesh
2025-12-11 13:28:25-debug: lazy register asset handler instantiation-skeleton
2025-12-11 13:28:25-debug: lazy register asset handler instantiation-animation
2025-12-11 13:28:25-debug: lazy register asset handler video-clip
2025-12-11 13:28:25-debug: lazy register asset handler physics-material
2025-12-11 13:28:25-debug: lazy register asset handler gltf
2025-12-11 13:28:25-debug: lazy register asset handler particle
2025-12-11 13:28:25-debug: asset-db:worker-startup-database[assets] (901ms)
2025-12-11 13:28:25-debug: asset-db:start-database (1013ms)
2025-12-11 13:28:25-debug: asset-db:ready (9984ms)
2025-12-11 13:28:25-debug: init worker message success
2025-12-11 13:28:25-debug: [Build Memory track]: builder:worker-init start:157.23MB, end 169.67MB, increase: 12.43MB
2025-12-11 13:28:25-debug: programming:execute-script (6ms)
2025-12-11 13:28:25-debug: builder:worker-init (434ms)
2025-12-11 13:28:27-debug: refresh db internal success
2025-12-11 13:28:27-debug: refresh db assets success
2025-12-11 13:28:27-debug: Run asset db hook engine-extends:afterRefresh ...
2025-12-11 13:28:27-debug: Run asset db hook engine-extends:afterRefresh success!
2025-12-11 13:28:27-debug: asset-db:refresh-all-database (65ms)
2025-12-11 13:28:27-debug: asset-db:worker-effect-data-processing (1ms)
2025-12-11 13:28:27-debug: asset-db-hook-engine-extends-afterRefresh (1ms)
2025-12-11 13:28:33-debug: Query all assets info in project
2025-12-11 13:28:33-debug: init custom config: keepNodeUuid: false, useCache: true
2025-12-11 13:28:33-debug: 查询 Asset Bundle start, progress: 0%
2025-12-11 13:28:33-debug: // ---- build task 查询 Asset Bundle ----
2025-12-11 13:28:33-debug: Query preload assets from cc.config.json: 60f7195c-ec2a-45eb-ba94-8955f60e81d0,1c02ae6f-4492-4915-b8f8-7492a3b1e4cd,810e96e4-e456-4468-9b59-f4e8f39732c0,efe8e2a3-eace-427b-b4f1-cb8a937ec77d,e9aa9a3e-5b2b-4ac7-a2c7-073de2b2b24f,8bbdbcdd-5cd4-4100-b6d5-b7c9625b6107,50f4348b-c883-4e2f-8f11-ce233b859fa1,fda095cb-831d-4601-ad94-846013963de8,f92806d7-1768-443f-afe8-12bcde84d0f0,dd3a144d-ab7f-41f0-82b8-2e43a090d496,f0416e68-0200-4b77-a926-4f9d16e494da,511d2633-09a7-4bdd-ac42-f778032124b3,5d45aa00-e064-4938-b314-4265f0c2258c,9361fd90-ba52-4f84-aa93-6e878fd576ca,970b0598-bcb0-4714-91fb-2e81440dccd8,bcd64cc6-2dd9-43f6-abbe-66318d332032,d930590d-bb92-4cc8-8bd1-23cd027f9edf,a3cd009f-0ab0-420d-9278-b9fdab939bbc,c27215d8-6835-4b68-bfbb-bdeac6100c04,b5d6115f-0370-4d7c-aad3-c194cc71cf98,d1346436-ac96-4271-b863-1f4fdead95b0,971bdb23-3ff6-43eb-b422-1c30165a3663,17debcc3-0a6b-4b8a-b00b-dc58b885581e,711ebe11-f673-4cd9-9a83-63c60ba54c5b,c0143906-9aed-447e-9436-2ae8512d1b6e,14da1725-c4c2-42b4-ab08-ee0aeb6898b3,081cab31-dccd-428e-8652-f2404cc81c47,78e0584a-4343-4727-8f37-e14e65c2a2db,ba21476f-2866-4f81-9c4d-6e359316e448,871c3b6c-7379-419d-bda3-794b239ab90d,1d08ef62-a503-4ce2-8b9a-46c90873f7d3
2025-12-11 13:28:33-debug:   Number of all scenes: 3
2025-12-11 13:28:33-debug:   Number of other assets: 363
2025-12-11 13:28:33-debug:   Number of all scripts: 35
2025-12-11 13:28:33-debug: // ---- build task 查询 Asset Bundle ---- (11ms)
2025-12-11 13:28:33-debug: run build task 查询 Asset Bundle success in 11 ms√, progress: 5%
2025-12-11 13:28:33-debug: [Build Memory track]: 查询 Asset Bundle start:172.54MB, end 173.50MB, increase: 983.76KB
2025-12-11 13:28:33-debug: 查询 Asset Bundle start, progress: 5%
2025-12-11 13:28:33-debug: // ---- build task 查询 Asset Bundle ----
2025-12-11 13:28:33-debug: // ---- build task 查询 Asset Bundle ---- (10ms)
2025-12-11 13:28:33-debug: run build task 查询 Asset Bundle success in 10 ms√, progress: 10%
2025-12-11 13:28:33-debug: [Build Memory track]: 查询 Asset Bundle start:173.51MB, end 173.59MB, increase: 79.53KB
2025-12-11 13:28:33-debug: 整理部分构建选项内数据到 settings.json start, progress: 10%
2025-12-11 13:28:33-debug: // ---- build task 整理部分构建选项内数据到 settings.json ----
2025-12-11 13:28:33-debug: // ---- build task 整理部分构建选项内数据到 settings.json ---- (1ms)
2025-12-11 13:28:33-debug: // ---- build task 填充脚本数据到 settings.json ----
2025-12-11 13:28:33-debug: run build task 整理部分构建选项内数据到 settings.json success in 1 ms√, progress: 12%
2025-12-11 13:28:33-debug: [Build Memory track]: 整理部分构建选项内数据到 settings.json start:173.60MB, end 173.61MB, increase: 14.57KB
2025-12-11 13:28:33-debug: 填充脚本数据到 settings.json start, progress: 12%
2025-12-11 13:28:33-debug: // ---- build task 填充脚本数据到 settings.json ---- (1ms)
2025-12-11 13:28:33-debug: run build task 填充脚本数据到 settings.json success in 1 ms√, progress: 13%
2025-12-11 13:28:33-debug: [Build Memory track]: 填充脚本数据到 settings.json start:173.62MB, end 173.64MB, increase: 17.69KB
2025-12-11 13:28:33-debug: 整理部分构建选项内数据到 settings.json start, progress: 13%
2025-12-11 13:28:33-debug: // ---- build task 整理部分构建选项内数据到 settings.json ----
2025-12-11 13:28:33-debug: // ---- build task 整理部分构建选项内数据到 settings.json ---- (14ms)
2025-12-11 13:28:33-debug: [Build Memory track]: 整理部分构建选项内数据到 settings.json start:173.65MB, end 173.76MB, increase: 120.79KB
2025-12-11 13:28:33-debug: run build task 整理部分构建选项内数据到 settings.json success in 14 ms√, progress: 15%
